Log file open, 01/29/15 13:16:50
LogInit:Display: Running engine for game: TP_BPFirstPersonRift
LogInit: Version: 4.6.1-2386410+++depot+UE4-Releases+4.6
LogInit: API Version: 2369412
LogInit: Compiled (64-bit): Dec 11 2014 21:31:39
LogInit: Compiled with Visual C++: 18.00.21005.01
LogInit: Build Configuration: Development
LogInit: Branch Name: ++depot+UE4-Releases+4.6
LogInit: Command line:  
LogInit: Base directory: C:/Program Files/Unreal Engine/4.6/Engine/Binaries/Win64/
LogInit: Rocket: 1
[2015.01.29-18.16.50:673][  0]LogTaskGraph: Started task graph with 3 named threads and 6 total threads.
[2015.01.29-18.16.50:728][  0]LogOnline:Warning: No default platform service specified for OnlineSubsystem
[2015.01.29-18.16.50:751][  0]LogInit: Presizing for 0 objects not considered by GC, pre-allocating 0 bytes.
[2015.01.29-18.16.50:762][  0]LogInit: Object subsystem initialized
[2015.01.29-18.16.50:764][  0]LogInit: Selected Device Profile: [Windows]
[2015.01.29-18.16.50:764][  0]LogInit: Applying CVar settings loaded from the selected device profile: [Windows]
[2015.01.29-18.16.50:772][  0]LogInit: Computer: LENOVO-PC
[2015.01.29-18.16.50:772][  0]LogInit: User: eric
[2015.01.29-18.16.50:772][  0]LogInit: CPU Page size=4096, Cores=4
[2015.01.29-18.16.50:772][  0]LogInit: High frequency timer resolution =2.338344 MHz
[2015.01.29-18.16.50:773][  0]LogMemory: Memory total: Physical=7.9GB (8GB approx) Virtual=131072.0GB
[2015.01.29-18.16.50:773][  0]LogMemory: Platform Memory Stats for Windows
[2015.01.29-18.16.50:773][  0]LogMemory: Process Physical Memory: 48.76 MB used, 48.76 MB peak
[2015.01.29-18.16.50:773][  0]LogMemory: Process Virtual Memory: 24.64 MB used, 24.64 MB peak
[2015.01.29-18.16.50:773][  0]LogMemory: Physical Memory: 2627.35 MB used, 8138.27 MB total
[2015.01.29-18.16.50:773][  0]LogMemory: Virtual Memory: 277.11 MB used, 134217728.00 MB total
[2015.01.29-18.16.50:808][  0]LogD3D11RHI: Found D3D11 adapter 0: NVIDIA GeForce GT 750M (Feature Level 11_0)
[2015.01.29-18.16.50:808][  0]LogD3D11RHI: Adapter has 1985MB of dedicated video memory, 0MB of dedicated system memory, and 2048MB of shared system memory, 1 output[s]
[2015.01.29-18.16.50:839][  0]LogD3D11RHI: Found D3D11 adapter 1: NVIDIA GeForce GT 750M (Feature Level 11_0)
[2015.01.29-18.16.50:839][  0]LogD3D11RHI: Adapter has 1985MB of dedicated video memory, 0MB of dedicated system memory, and 2048MB of shared system memory, 0 output[s]
[2015.01.29-18.16.50:841][  0]LogD3D11RHI: Found D3D11 adapter 2: Microsoft Basic Render Driver (Feature Level 11_0)
[2015.01.29-18.16.50:841][  0]LogD3D11RHI: Adapter has 0MB of dedicated video memory, 0MB of dedicated system memory, and 256MB of shared system memory, 0 output[s]
[2015.01.29-18.16.50:841][  0]LogD3D11RHI: Chosen D3D11 Adapter Id = 0
[2015.01.29-18.16.50:845][  0]LogRHI: Texture pool is 1361 MB (70% of 1945 MB)
[2015.01.29-18.16.50:862][  0]LogD3D11RHI: Async texture creation enabled
[2015.01.29-18.16.52:117][  0]LogTextLocalizationManager: The requested culture ('en_US') has no localization data; parent culture's ('en') localization data will be used.
[2015.01.29-18.16.52:237][  0]LogContentStreaming: Texture pool size is 0.000000MB
[2015.01.29-18.17.06:316][  0]LogTargetPlatformManager:Display: Building Assets For Windows
[2015.01.29-18.17.10:699][  0]LogTargetPlatformManager:Display: Building Assets For Windows
[2015.01.29-18.17.11:180][  0]LogDerivedDataCache:Display: Max Cache Size: 512 MB
[2015.01.29-18.17.13:236][  0]LogDerivedDataCache: Loaded boot cache 1.94s 39MB C:/Users/eric/AppData/Local/UnrealEngine/4.6/DerivedDataCache/Boot.ddc.
[2015.01.29-18.17.13:236][  0]LogDerivedDataCache:Display: Loaded Boot cache: C:/Users/eric/AppData/Local/UnrealEngine/4.6/DerivedDataCache/Boot.ddc
[2015.01.29-18.17.13:237][  0]LogDerivedDataCache: FDerivedDataBackendGraph:  Pak pak cache file ../../../../../../Users/eric/Documents/Unreal Projects/UE4FirstPersonVRTemplate-0.4.5/DerivedDataCache/DDC.ddp not found, will not use a pak cache.
[2015.01.29-18.17.13:237][  0]LogDerivedDataCache: Unable to find inner node Pak for hierarchical cache Hierarchy.
[2015.01.29-18.17.13:641][  0]LogDerivedDataCache:Display: Pak cache opened for reading ../../../Engine/DerivedDataCache/DDC.ddp.
[2015.01.29-18.17.19:198][  0]LogDerivedDataCache: Using Local data cache path C:/Users/eric/AppData/Local/UnrealEngine/Common/DerivedDataCache: Writable
[2015.01.29-18.18.11:286][  0]LogCollisionProfile:Warning: Profile (UI) - Custom Channel Name = 'Weapon' hasn't been found
[2015.01.29-18.18.21:190][  0]LogMeshUtilities: No automatic mesh reduction module available
[2015.01.29-18.18.21:190][  0]LogMeshUtilities: No automatic mesh merging module available
[2015.01.29-18.18.35:456][  0]LogInit: WinSock: version 1.1 (2.2), MaxSocks=32767, MaxUdp=65467
[2015.01.29-18.18.36:516][  0]LogSlate:Warning: Failed to load font data from '../../../Engine/Content/Slate/Fonts/Roboto-Italic.ttf'
[2015.01.29-18.21.22:786][  0]UdpMessaging: Initializing bridge on interface 0.0.0.0:0 to multicast group 230.0.0.1:6666.
[2015.01.29-18.21.30:261][  0]LogDirectoryWatcher:Warning: Failed to begin reading directory changes for C:/Users/eric/Documents/Unreal Projects/UE4FirstPersonVRTemplate-0.4.5/Binaries/Win64. Error: 0
[2015.01.29-18.21.39:656][  0]SourceControl: Info Source control is disabled
[2015.01.29-18.21.39:656][  0]SourceControl: Info Source control is disabled
[2015.01.29-18.21.39:690][  0]SourceControl: Info Source control is disabled
[2015.01.29-18.21.44:457][  0]LogObj: 23754 objects as part of root set at end of initial load.
[2015.01.29-18.21.44:457][  0]LogUObjectAllocator: 5168136 out of 0 bytes used by permanent object pool.
[2015.01.29-18.21.47:925][  0]LogAutomationTest:Warning: Smoke tests took > 1s to run: 2.12s
[2015.01.29-18.21.48:064][  0]LogEngine: Initializing Engine...
[2015.01.29-18.21.51:235][  0]LogInit: XAudio2 using 'Speakers (Realtek High Definition Audio)' : 2 channels at 48 kHz using 32 bits per sample (channel mask 0x3)
[2015.01.29-18.21.51:453][  0]LogInit: FAudioDevice initialized.
[2015.01.29-18.21.53:684][  0]LogAIModule: Creating AISystem for world NewWorld
[2015.01.29-18.21.54:119][  0]LogDerivedDataCache:Error: Could not save memory cache C:/Users/eric/AppData/Local/UnrealEngine/4.6/DerivedDataCache/Boot.ddc.
[2015.01.29-18.21.54:135][  0]LogInit: Texture streaming: Enabled
[2015.01.29-18.21.54:674][  0]LogAnalytics: Creating configured Analytics provider AnalyticsET
[2015.01.29-18.21.54:674][  0]LogAnalytics: ET APIKey = Rocket.Release. APIServer = http://et2.epicgames.com/ET2/. AppVersion = 4.6.1-2386410+++depot+UE4-Releases+4.6
[2015.01.29-18.21.54:676][  0]LogAnalytics: SetUserId 7d92e87c14bba1ec53d44500474e03f3
[2015.01.29-18.21.54:676][  0]LogAnalytics: AnalyticsET::StartSession [Rocket.Release]
[2015.01.29-18.21.55:152][  0]LogInit: Transaction tracking system initialized
[2015.01.29-18.21.58:780][  0]BlueprintLog: New page: Editor Load
[2015.01.29-18.22.01:881][  0]LogAssetRegistry: FAssetRegistry took 0.0673 seconds to start up
[2015.01.29-18.22.01:881][  0]LogDirectoryWatcher:Warning: Failed to begin reading directory changes for ../../../Engine/Plugins/Experimental/CharacterAI/Content/. Error: 0
[2015.01.29-18.23.51:113][  0]LogTargetPlatformManager:Display: Building Assets For Windows
[2015.01.29-18.23.51:785][  0]LogTargetPlatformManager:Display: Building Assets For Windows
[2015.01.29-18.23.58:158][  0]LogConsoleResponse:Display: 
[2015.01.29-18.24.00:983][  0]LogLinker:Warning: Asset '../../../Engine/Content/Functions/Engine_MaterialFunctions03/Procedurals/ComputeFilterWidth.uasset' has been saved with empty engine version. The asset will be loaded but may be incompatible.
[2015.01.29-18.24.10:227][  0]SourceControl: Info Source control is disabled
[2015.01.29-18.24.10:395][  0]Cmd: MAP LOAD FILE="../../../../../../Users/eric/Documents/Unreal Projects/UE4FirstPersonVRTemplate-0.4.5/Content/Maps/Example_Map.umap" TEMPLATE=0 SHOWPROGRESS=1
[2015.01.29-18.24.10:510][  0]LightingResults: New page: Lighting Build
[2015.01.29-18.24.11:174][  0]MapCheck: New page: Map Check
[2015.01.29-18.24.11:174][  0]LightingResults: New page: Lighting Build
[2015.01.29-18.24.11:467][  0]LogParticles: Destroying 0 GPU particle simulations for FXSystem 0x000000C679D059E0
[2015.01.29-18.24.19:243][  0]LogBlueprint:Warning: [compiler] Warning Function ' Get Player Controller ' is unsafe to call in a construction script.
[2015.01.29-18.24.19:290][  0]LogBlueprint:Warning: [compiler] Warning [0452.39] Compile of ContextMenu successful, but with 1 Warning(s) [in 127 ms]
[2015.01.29-18.24.20:665][  0]LogBlueprint:Warning: [compiler] Warning Function ' Get Player Controller ' is unsafe to call in a construction script.
[2015.01.29-18.24.20:713][  0]LogBlueprint:Warning: [compiler] Warning [0453.81] Compile of ContextMenu successful, but with 1 Warning(s) [in 63 ms]
[2015.01.29-18.24.20:713][  0]LogBlueprint:Warning: [compiler] Warning [0453.81] Compile of ContextMenu successful, but with 2 Warning(s) [in 0 ms]
[2015.01.29-18.24.26:139][  0]LogEditorServer: Finished looking for orphan Actors (0.000 secs)
[2015.01.29-18.24.26:139][  0]LogAIModule: Creating AISystem for world Example_Map
[2015.01.29-18.24.26:175][  0]Cmd: MAP CHECKDEP
[2015.01.29-18.24.26:175][  0]MapCheck: New page: Example_Map - Jan 29, 2015, 8:24:26 AM
[2015.01.29-18.24.26:322][  0]MapCheck: Info Map check complete: 0 Error(s), 0 Warning(s), took 146.578ms to complete.
[2015.01.29-18.24.26:322][  0]LogFileHelpers: Loading map 'Example_Map' took 15.949
[2015.01.29-18.24.29:093][  0]LogCollectionManager: Loaded 0 collections in 0.004558 seconds
[2015.01.29-18.24.44:992][  0]LogCrashTracker: Crashtracker disabled due to settings.
[2015.01.29-18.24.45:303][  0]LogUObjectGlobals:Warning: Failed to find object 'Class None.'
[2015.01.29-18.24.45:399][  0]LogLoad: Full Startup: 478.50 seconds (BP compile: 2.61 seconds)
[2015.01.29-18.24.46:380][  1]LogContentBrowser:Verbose: The content browser source was changed by the sources view to '/Game/Effects/materials'
[2015.01.29-18.24.46:482][  2]LogRenderer:Warning: Reallocating scene render targets to support 704x848.
[2015.01.29-18.24.48:366][  3]LogAssetRegistry: Asset discovery search completed in 166.5523 seconds
[2015.01.29-18.24.48:447][  3]LogAnalytics: Event Editor.Usage.AssetClasses has too many attributes (41). May be truncated at the collector.
[2015.01.29-18.28.10:059][514]Cmd: QUIT_EDITOR
[2015.01.29-18.28.10:893][514]LogExit: Preparing to exit.
[2015.01.29-18.28.11:171][514]LogExit: Editor shut down
[2015.01.29-18.28.11:171][514]LogExit: Transaction tracking system shut down
[2015.01.29-18.28.11:173][514]LogParticles: Destroying 0 GPU particle simulations for FXSystem 0x000000C67EBF9580
[2015.01.29-18.28.11:173][514]LogParticles: Destroying 0 GPU particle simulations for FXSystem 0x000000C604503D80
[2015.01.29-18.28.11:173][514]LogParticles: Destroying 0 GPU particle simulations for FXSystem 0x000000C604500540
[2015.01.29-18.28.11:199][514]LogParticles: Destroying 0 GPU particle simulations for FXSystem 0x000000C673C476A0
[2015.01.29-18.28.11:199][514]LogExit: Object subsystem successfully closed.
[2015.01.29-18.28.11:247][514]LogModuleManager: Shutting down and abandoning module AndroidDeviceDetection (172)
[2015.01.29-18.28.11:247][514]LogModuleManager: Shutting down and abandoning module CrashTracker (171)
[2015.01.29-18.28.11:247][514]LogModuleManager: Shutting down and abandoning module SuperSearch (170)
[2015.01.29-18.28.11:247][514]LogModuleManager: Shutting down and abandoning module SceneOutliner (169)
[2015.01.29-18.28.11:247][514]LogModuleManager: Shutting down and abandoning module EditorWidgets (168)
[2015.01.29-18.28.11:247][514]LogModuleManager: Shutting down and abandoning module CollectionManager (167)
[2015.01.29-18.28.11:270][514]LogModuleManager: Shutting down and abandoning module StatsViewer (166)
[2015.01.29-18.28.11:270][514]LogModuleManager: Shutting down and abandoning module FoliageEdit (165)
[2015.01.29-18.28.11:270][514]LogModuleManager: Shutting down and abandoning module LandscapeEditor (164)
[2015.01.29-18.28.11:270][514]LogModuleManager: Shutting down and abandoning module MeshPaint (163)
[2015.01.29-18.28.11:271][514]LogModuleManager: Shutting down and abandoning module ActorPickerMode (162)
[2015.01.29-18.28.11:271][514]LogModuleManager: Shutting down and abandoning module GeometryMode (161)
[2015.01.29-18.28.11:271][514]LogModuleManager: Shutting down and abandoning module TextureAlignMode (160)
[2015.01.29-18.28.11:271][514]LogModuleManager: Shutting down and abandoning module BspMode (159)
[2015.01.29-18.28.11:271][514]LogModuleManager: Shutting down and abandoning module PlacementMode (158)
[2015.01.29-18.28.11:271][514]LogModuleManager: Shutting down and abandoning module AutomationWorker (157)
[2015.01.29-18.28.11:271][514]LogModuleManager: Shutting down and abandoning module CharacterAI (156)
[2015.01.29-18.28.11:271][514]LogModuleManager: Shutting down and abandoning module GameProjectGeneration (155)
[2015.01.29-18.28.11:271][514]LogModuleManager: Shutting down and abandoning module IntroTutorials (154)
[2015.01.29-18.28.11:271][514]LogModuleManager: Shutting down and abandoning module EditorLiveStreaming (153)
[2015.01.29-18.28.11:271][514]LogModuleManager: Shutting down and abandoning module HardwareTargeting (152)
[2015.01.29-18.28.11:271][514]LogModuleManager: Shutting down and abandoning module DeviceProfileEditor (151)
[2015.01.29-18.28.11:271][514]LogModuleManager: Shutting down and abandoning module UndoHistory (150)
[2015.01.29-18.28.11:271][514]LogModuleManager: Shutting down and abandoning module GameplayTagsEditor (149)
[2015.01.29-18.28.11:271][514]LogModuleManager: Shutting down and abandoning module UserFeedback (148)
[2015.01.29-18.28.11:271][514]LogModuleManager: Shutting down and abandoning module XmlParser (147)
[2015.01.29-18.28.11:271][514]LogModuleManager: Shutting down and abandoning module Blutility (146)
[2015.01.29-18.28.11:271][514]LogModuleManager: Shutting down and abandoning module IOSPlatformEditor (145)
[2015.01.29-18.28.11:271][514]LogModuleManager: Shutting down and abandoning module IOSRuntimeSettings (144)
[2015.01.29-18.28.11:271][514]LogModuleManager: Shutting down and abandoning module AndroidPlatformEditor (143)
[2015.01.29-18.28.11:271][514]LogModuleManager: Shutting down and abandoning module AndroidRuntimeSettings (142)
[2015.01.29-18.28.11:271][514]LogModuleManager: Shutting down and abandoning module ProjectTargetPlatformEditor (141)
[2015.01.29-18.28.11:271][514]LogModuleManager: Shutting down and abandoning module ProjectSettingsViewer (140)
[2015.01.29-18.28.11:271][514]LogModuleManager: Shutting down and abandoning module InputBindingEditor (139)
[2015.01.29-18.28.11:271][514]LogModuleManager: Shutting down and abandoning module EditorSettingsViewer (138)
[2015.01.29-18.28.11:271][514]LogModuleManager: Shutting down and abandoning module SettingsEditor (137)
[2015.01.29-18.28.11:271][514]LogModuleManager: Shutting down and abandoning module ProjectLauncher (136)
[2015.01.29-18.28.11:271][514]LogModuleManager: Shutting down and abandoning module SessionFrontend (135)
[2015.01.29-18.28.11:271][514]LogModuleManager: Shutting down and abandoning module ProfilerClient (134)
[2015.01.29-18.28.11:271][514]LogModuleManager: Shutting down and abandoning module TargetDeviceServices (133)
[2015.01.29-18.28.11:271][514]LogModuleManager: Shutting down and abandoning module DeviceManager (132)
[2015.01.29-18.28.11:271][514]LogModuleManager: Shutting down and abandoning module AutomationController (131)
[2015.01.29-18.28.11:271][514]LogModuleManager: Shutting down and abandoning module AutomationWindow (130)
[2015.01.29-18.28.11:271][514]LogModuleManager: Shutting down and abandoning module Layers (129)
[2015.01.29-18.28.11:272][514]LogModuleManager: Shutting down and abandoning module ComponentVisualizers (128)
[2015.01.29-18.28.11:272][514]LogModuleManager: Shutting down and abandoning module DetailCustomizations (127)
[2015.01.29-18.28.11:272][514]LogModuleManager: Shutting down and abandoning module PackagesDialog (126)
[2015.01.29-18.28.11:272][514]LogModuleManager: Shutting down and abandoning module AssetRegistry (125)
[2015.01.29-18.28.11:390][514]LogModuleManager: Shutting down and abandoning module Persona (124)
[2015.01.29-18.28.11:390][514]LogModuleManager: Shutting down and abandoning module Kismet (123)
[2015.01.29-18.28.11:390][514]LogModuleManager: Shutting down and abandoning module GraphEditor (122)
[2015.01.29-18.28.11:390][514]LogModuleManager: Shutting down and abandoning module ClassViewer (121)
[2015.01.29-18.28.11:390][514]LogModuleManager: Shutting down and abandoning module Toolbox (120)
[2015.01.29-18.28.11:390][514]LogModuleManager: Shutting down and abandoning module ModuleUI (119)
[2015.01.29-18.28.11:390][514]LogModuleManager: Shutting down and abandoning module MovieSceneTools (118)
[2015.01.29-18.28.11:390][514]LogModuleManager: Shutting down and abandoning module OutputLog (117)
[2015.01.29-18.28.11:390][514]LogModuleManager: Shutting down and abandoning module GammaUI (116)
[2015.01.29-18.28.11:390][514]LogModuleManager: Shutting down and abandoning module Documentation (115)
[2015.01.29-18.28.11:390][514]LogModuleManager: Shutting down and abandoning module GameLiveStreaming (114)
[2015.01.29-18.28.11:390][514]LogModuleManager: Shutting down and abandoning module StreamingPauseRendering (113)
[2015.01.29-18.28.11:390][514]LogModuleManager: Shutting down and abandoning module HTTP (112)
[2015.01.29-18.28.11:390][514]LogModuleManager: Shutting down and abandoning module AnalyticsET (111)
[2015.01.29-18.28.11:390][514]LogModuleManager: Shutting down and abandoning module Analytics (110)
[2015.01.29-18.28.11:390][514]LogModuleManager: Shutting down and abandoning module AITestSuite (109)
[2015.01.29-18.28.11:390][514]LogModuleManager: Shutting down and abandoning module AIModule (108)
[2015.01.29-18.28.11:390][514]LogModuleManager: Shutting down and abandoning module ProfilerService (107)
[2015.01.29-18.28.11:491][514]LogModuleManager: Shutting down and abandoning module TaskGraph (106)
[2015.01.29-18.28.11:491][514]LogModuleManager: Shutting down and abandoning module GameplayDebugger (105)
[2015.01.29-18.28.11:491][514]LogModuleManager: Shutting down and abandoning module SlateRemote (104)
[2015.01.29-18.28.11:491][514]LogModuleManager: Shutting down and abandoning module ScriptEditorPlugin (103)
[2015.01.29-18.28.11:491][514]LogModuleManager: Shutting down and abandoning module CustomMeshComponent (102)
[2015.01.29-18.28.11:491][514]LogModuleManager: Shutting down and abandoning module CableComponent (101)
[2015.01.29-18.28.11:491][514]LogModuleManager: Shutting down and abandoning module MessagingDebugger (100)
[2015.01.29-18.28.11:491][514]LogModuleManager: Shutting down and abandoning module MediaPlayerEditor (99)
[2015.01.29-18.28.11:491][514]LogModuleManager: Shutting down and abandoning module SpeedTreeImporter (98)
[2015.01.29-18.28.11:491][514]LogModuleManager: Shutting down and abandoning module PluginsEditor (97)
[2015.01.29-18.28.11:491][514]LogModuleManager: Shutting down and abandoning module EpicSurvey (96)
[2015.01.29-18.28.11:491][514]LogModuleManager: Shutting down and abandoning module DesktopPlatform (95)
[2015.01.29-18.28.11:491][514]LogModuleManager: Shutting down and abandoning module VisualStudioSourceCodeAccess (94)
[2015.01.29-18.28.11:491][514]LogModuleManager: Shutting down and abandoning module UObjectPlugin (93)
[2015.01.29-18.28.11:492][514]LogModuleManager: Shutting down and abandoning module SubversionSourceControl (92)
[2015.01.29-18.28.11:492][514]LogModuleManager: Shutting down and abandoning module SourceControl (91)
[2015.01.29-18.28.11:492][514]LogModuleManager: Shutting down and abandoning module PerforceSourceControl (90)
[2015.01.29-18.28.11:492][514]LogModuleManager: Shutting down and abandoning module BlankPlugin (89)
[2015.01.29-18.28.11:492][514]LogModuleManager: Shutting down and abandoning module SlateReflector (88)
[2015.01.29-18.28.11:492][514]LogModuleManager: Shutting down and abandoning module DirectoryWatcher (87)
[2015.01.29-18.28.11:492][514]LogModuleManager: Shutting down and abandoning module HotReload (86)
[2015.01.29-18.28.11:492][514]LogModuleManager: Shutting down and abandoning module MainFrame (85)
[2015.01.29-18.28.11:492][514]LogModuleManager: Shutting down and abandoning module LevelEditor (84)
[2015.01.29-18.28.11:495][514]LogModuleManager: Shutting down and abandoning module ViewportSnapping (83)
[2015.01.29-18.28.11:495][514]LogModuleManager: Shutting down and abandoning module SmartSnapping (82)
[2015.01.29-18.28.11:495][514]LogModuleManager: Shutting down and abandoning module PaperTiledImporter (81)
[2015.01.29-18.28.11:495][514]LogModuleManager: Shutting down and abandoning module PaperJsonImporter (80)
[2015.01.29-18.28.11:495][514]LogModuleManager: Shutting down and abandoning module ContentBrowser (79)
[2015.01.29-18.28.11:495][514]LogModuleManager: Shutting down and abandoning module Paper2DEditor (78)
[2015.01.29-18.28.11:495][514]LogModuleManager: Shutting down and abandoning module ScriptPlugin (77)
[2015.01.29-18.28.11:495][514]LogModuleManager: Shutting down and abandoning module UdpMessaging (76)
[2015.01.29-18.28.11:596][514]LogModuleManager: Shutting down and abandoning module Paper2D (75)
[2015.01.29-18.28.11:596][514]LogModuleManager: Shutting down and abandoning module UE4Game (74)
[2015.01.29-18.28.11:596][514]LogModuleManager: Shutting down and abandoning module WindowsMoviePlayer (73)
[2015.01.29-18.28.11:599][514]LogModuleManager: Shutting down and abandoning module Media (72)
[2015.01.29-18.28.11:599][514]LogModuleManager: Shutting down and abandoning module WmfMedia (71)
[2015.01.29-18.28.11:600][514]LogModuleManager: Shutting down and abandoning module OnlineBlueprintSupport (70)
[2015.01.29-18.28.11:600][514]LogModuleManager: Shutting down and abandoning module PropertyEditor (69)
[2015.01.29-18.28.11:600][514]LogModuleManager: Shutting down and abandoning module BehaviorTreeEditor (68)
[2015.01.29-18.28.11:600][514]LogModuleManager: Shutting down and abandoning module FunctionalTesting (67)
[2015.01.29-18.28.11:600][514]LogModuleManager: Shutting down and abandoning module CollisionAnalyzer (66)
[2015.01.29-18.28.11:600][514]LogModuleManager: Shutting down and abandoning module WorkspaceMenuStructure (65)
[2015.01.29-18.28.11:600][514]LogModuleManager: Shutting down and abandoning module MessageLog (64)
[2015.01.29-18.28.11:600][514]LogModuleManager: Shutting down and abandoning module Sequencer (63)
[2015.01.29-18.28.11:600][514]LogModuleManager: Shutting down and abandoning module AssetTools (62)
[2015.01.29-18.28.11:600][514]LogModuleManager: Shutting down and abandoning module UMGEditor (61)
[2015.01.29-18.28.11:600][514]LogModuleManager: Shutting down and abandoning module UMG (60)
[2015.01.29-18.28.11:600][514]LogModuleManager: Shutting down and abandoning module Slate (59)
[2015.01.29-18.28.11:600][514]LogModuleManager: Shutting down and abandoning module EditorStyle (58)
[2015.01.29-18.28.11:610][514]LogModuleManager: Shutting down and abandoning module SessionServices (57)
[2015.01.29-18.28.11:610][514]LogModuleManager: Shutting down and abandoning module SourceCodeAccess (56)
[2015.01.29-18.28.11:610][514]LogModuleManager: Shutting down and abandoning module HeadMountedDisplay (55)
[2015.01.29-18.28.11:610][514]LogModuleManager: Shutting down and abandoning module XAudio2 (54)
[2015.01.29-18.28.11:610][514]LogModuleManager: Shutting down and abandoning module Networking (52)
[2015.01.29-18.28.11:610][514]LogModuleManager: Shutting down and abandoning module Core (51)
[2015.01.29-18.28.11:610][514]LogModuleManager: Shutting down and abandoning module KismetCompiler (50)
[2015.01.29-18.28.11:610][514]LogModuleManager: Shutting down and abandoning module PhysXFormats (49)
[2015.01.29-18.28.11:610][514]LogModuleManager: Shutting down and abandoning module MeshUtilities (48)
[2015.01.29-18.28.11:610][514]LogModuleManager: Shutting down and abandoning module DerivedDataCache (47)
[2015.01.29-18.28.11:613][514]LogDerivedDataCache: Shutdown
[2015.01.29-18.28.11:613][514]LogModuleManager: Shutting down and abandoning module ShaderFormatOpenGL (46)
[2015.01.29-18.28.11:613][514]LogModuleManager: Shutting down and abandoning module ShaderFormatD3D (45)
[2015.01.29-18.28.11:613][514]LogModuleManager: Shutting down and abandoning module MetalShaderFormat (44)
[2015.01.29-18.28.11:613][514]LogModuleManager: Shutting down and abandoning module TextureFormatUncompressed (43)
[2015.01.29-18.28.11:613][514]LogModuleManager: Shutting down and abandoning module TextureFormatPVR (42)
[2015.01.29-18.28.11:613][514]LogModuleManager: Shutting down and abandoning module TextureFormatDXT (41)
[2015.01.29-18.28.11:613][514]LogModuleManager: Shutting down and abandoning module TextureFormatAndroid (40)
[2015.01.29-18.28.11:613][514]LogModuleManager: Shutting down and abandoning module AudioFormatOpus (39)
[2015.01.29-18.28.11:613][514]LogModuleManager: Shutting down and abandoning module AudioFormatOgg (38)
[2015.01.29-18.28.11:613][514]LogModuleManager: Shutting down and abandoning module AudioFormatADPCM (37)
[2015.01.29-18.28.11:613][514]LogModuleManager: Shutting down and abandoning module LinuxTargetPlatform (36)
[2015.01.29-18.28.11:613][514]LogModuleManager: Shutting down and abandoning module LinuxServerTargetPlatform (35)
[2015.01.29-18.28.11:613][514]LogModuleManager: Shutting down and abandoning module LinuxNoEditorTargetPlatform (34)
[2015.01.29-18.28.11:613][514]LogModuleManager: Shutting down and abandoning module Messaging (33)
[2015.01.29-18.28.11:613][514]LogModuleManager: Shutting down and abandoning module IOSTargetPlatform (32)
[2015.01.29-18.28.11:613][514]LogModuleManager: Shutting down and abandoning module Android_PVRTCTargetPlatform (31)
[2015.01.29-18.28.11:613][514]LogModuleManager: Shutting down and abandoning module Android_ETC2TargetPlatform (30)
[2015.01.29-18.28.11:613][514]LogModuleManager: Shutting down and abandoning module Android_ETC1TargetPlatform (29)
[2015.01.29-18.28.11:613][514]LogModuleManager: Shutting down and abandoning module Android_DXTTargetPlatform (28)
[2015.01.29-18.28.11:613][514]LogModuleManager: Shutting down and abandoning module Android_ATCTargetPlatform (27)
[2015.01.29-18.28.11:613][514]LogModuleManager: Shutting down and abandoning module AndroidTargetPlatform (26)
[2015.01.29-18.28.11:614][514]LogModuleManager: Shutting down and abandoning module WindowsTargetPlatform (25)
[2015.01.29-18.28.11:614][514]LogModuleManager: Shutting down and abandoning module WindowsServerTargetPlatform (24)
[2015.01.29-18.28.11:614][514]LogModuleManager: Shutting down and abandoning module WindowsNoEditorTargetPlatform (23)
[2015.01.29-18.28.11:614][514]LogModuleManager: Shutting down and abandoning module WindowsClientTargetPlatform (22)
[2015.01.29-18.28.11:614][514]LogModuleManager: Shutting down and abandoning module TargetPlatform (21)
[2015.01.29-18.28.11:614][514]LogModuleManager: Shutting down and abandoning module InputCore (20)
[2015.01.29-18.28.11:614][514]LogModuleManager: Shutting down and abandoning module Settings (19)
[2015.01.29-18.28.11:614][514]LogModuleManager: Shutting down and abandoning module ImageWrapper (18)
[2015.01.29-18.28.11:614][514]LogModuleManager: Shutting down and abandoning module OculusRift (15)
[2015.01.29-18.28.11:614][514]LogModuleManager: Shutting down and abandoning module ExampleDeviceProfileSelector (14)
[2015.01.29-18.28.11:614][514]LogModuleManager: Shutting down and abandoning module TextureCompressor (13)
[2015.01.29-18.28.11:614][514]LogModuleManager: Shutting down and abandoning module ShaderCore (12)
[2015.01.29-18.28.11:614][514]LogModuleManager: Shutting down and abandoning module Landscape (11)
[2015.01.29-18.28.11:614][514]LogModuleManager: Shutting down and abandoning module SlateRHIRenderer (10)
[2015.01.29-18.28.11:615][514]LogModuleManager: Shutting down and abandoning module OpenGLDrv (9)
[2015.01.29-18.28.11:615][514]LogModuleManager: Shutting down and abandoning module D3D11RHI (8)
[2015.01.29-18.28.11:615][514]LogModuleManager: Shutting down and abandoning module Renderer (7)
[2015.01.29-18.28.11:615][514]LogModuleManager: Shutting down and abandoning module Engine (6)
[2015.01.29-18.28.11:615][514]LogModuleManager: Shutting down and abandoning module CoreUObject (5)
[2015.01.29-18.28.11:615][514]LogModuleManager: Shutting down and abandoning module NetworkFile (4)
[2015.01.29-18.28.11:615][514]LogModuleManager: Shutting down and abandoning module StreamingFile (3)
[2015.01.29-18.28.11:615][514]LogModuleManager: Shutting down and abandoning module SandboxFile (2)
[2015.01.29-18.28.11:615][514]LogModuleManager: Shutting down and abandoning module PakFile (1)
[2015.01.29-18.28.11:616][514]LogExit: Exiting.
[2015.01.29-18.28.11:627][514]Log file closed, 01/29/15 13:28:11
