Log file open, 01/29/15 16:39:06
LogInit:Display: Running engine for game: TP_BPFirstPersonRift
LogInit: Version: 4.6.1-2386410+++depot+UE4-Releases+4.6
LogInit: API Version: 2369412
LogInit: Compiled (64-bit): Dec 11 2014 21:31:39
LogInit: Compiled with Visual C++: 18.00.21005.01
LogInit: Build Configuration: Development
LogInit: Branch Name: ++depot+UE4-Releases+4.6
LogInit: Command line:  
LogInit: Base directory: C:/Program Files/Unreal Engine/4.6/Engine/Binaries/Win64/
LogInit: Rocket: 1
[2015.01.29-21.39.06:240][  0]LogTaskGraph: Started task graph with 3 named threads and 6 total threads.
[2015.01.29-21.39.06:302][  0]LogOnline:Warning: No default platform service specified for OnlineSubsystem
[2015.01.29-21.39.06:332][  0]LogInit: Presizing for 0 objects not considered by GC, pre-allocating 0 bytes.
[2015.01.29-21.39.06:341][  0]LogInit: Object subsystem initialized
[2015.01.29-21.39.06:343][  0]LogInit: Selected Device Profile: [Windows]
[2015.01.29-21.39.06:343][  0]LogInit: Applying CVar settings loaded from the selected device profile: [Windows]
[2015.01.29-21.39.06:350][  0]LogInit: Computer: LENOVO-PC
[2015.01.29-21.39.06:350][  0]LogInit: User: eric
[2015.01.29-21.39.06:350][  0]LogInit: CPU Page size=4096, Cores=4
[2015.01.29-21.39.06:350][  0]LogInit: High frequency timer resolution =2.338344 MHz
[2015.01.29-21.39.06:350][  0]LogMemory: Memory total: Physical=7.9GB (8GB approx) Virtual=131072.0GB
[2015.01.29-21.39.06:350][  0]LogMemory: Platform Memory Stats for Windows
[2015.01.29-21.39.06:350][  0]LogMemory: Process Physical Memory: 48.81 MB used, 48.81 MB peak
[2015.01.29-21.39.06:350][  0]LogMemory: Process Virtual Memory: 24.67 MB used, 24.68 MB peak
[2015.01.29-21.39.06:350][  0]LogMemory: Physical Memory: 4478.09 MB used, 8138.27 MB total
[2015.01.29-21.39.06:350][  0]LogMemory: Virtual Memory: 277.11 MB used, 134217728.00 MB total
[2015.01.29-21.39.06:394][  0]LogD3D11RHI: Found D3D11 adapter 0: NVIDIA GeForce GT 750M (Feature Level 11_0)
[2015.01.29-21.39.06:394][  0]LogD3D11RHI: Adapter has 1985MB of dedicated video memory, 0MB of dedicated system memory, and 2048MB of shared system memory, 1 output[s]
[2015.01.29-21.39.06:423][  0]LogD3D11RHI: Found D3D11 adapter 1: NVIDIA GeForce GT 750M (Feature Level 11_0)
[2015.01.29-21.39.06:423][  0]LogD3D11RHI: Adapter has 1985MB of dedicated video memory, 0MB of dedicated system memory, and 2048MB of shared system memory, 0 output[s]
[2015.01.29-21.39.06:424][  0]LogD3D11RHI: Found D3D11 adapter 2: Microsoft Basic Render Driver (Feature Level 11_0)
[2015.01.29-21.39.06:424][  0]LogD3D11RHI: Adapter has 0MB of dedicated video memory, 0MB of dedicated system memory, and 256MB of shared system memory, 0 output[s]
[2015.01.29-21.39.06:424][  0]LogD3D11RHI: Chosen D3D11 Adapter Id = 0
[2015.01.29-21.39.06:430][  0]LogRHI: Texture pool is 1361 MB (70% of 1945 MB)
[2015.01.29-21.39.06:443][  0]LogD3D11RHI: Async texture creation enabled
[2015.01.29-21.39.07:022][  0]LogTextLocalizationManager: The requested culture ('en_US') has no localization data; parent culture's ('en') localization data will be used.
[2015.01.29-21.39.07:177][  0]LogContentStreaming: Texture pool size is 0.000000MB
[2015.01.29-21.39.18:332][  0]LogTargetPlatformManager:Display: Building Assets For Windows
[2015.01.29-21.39.18:735][  0]LogTargetPlatformManager:Display: Building Assets For Windows
[2015.01.29-21.39.18:782][  0]LogDerivedDataCache:Display: Max Cache Size: 512 MB
[2015.01.29-21.39.18:820][  0]LogDerivedDataCache: Loaded boot cache 0.04s 39MB C:/Users/eric/AppData/Local/UnrealEngine/4.6/DerivedDataCache/Boot.ddc.
[2015.01.29-21.39.18:820][  0]LogDerivedDataCache:Display: Loaded Boot cache: C:/Users/eric/AppData/Local/UnrealEngine/4.6/DerivedDataCache/Boot.ddc
[2015.01.29-21.39.18:821][  0]LogDerivedDataCache: FDerivedDataBackendGraph:  Pak pak cache file ../../../../../../Users/eric/Documents/Unreal Projects/UE4FirstPersonVRTemplate-0.4.5/DerivedDataCache/DDC.ddp not found, will not use a pak cache.
[2015.01.29-21.39.18:821][  0]LogDerivedDataCache: Unable to find inner node Pak for hierarchical cache Hierarchy.
[2015.01.29-21.39.18:878][  0]LogDerivedDataCache:Display: Pak cache opened for reading ../../../Engine/DerivedDataCache/DDC.ddp.
[2015.01.29-21.39.18:891][  0]LogDerivedDataCache: Using Local data cache path C:/Users/eric/AppData/Local/UnrealEngine/Common/DerivedDataCache: Writable
[2015.01.29-21.39.19:008][  0]LogCollisionProfile:Warning: Profile (UI) - Custom Channel Name = 'Weapon' hasn't been found
[2015.01.29-21.39.19:137][  0]LogMeshUtilities: No automatic mesh reduction module available
[2015.01.29-21.39.19:137][  0]LogMeshUtilities: No automatic mesh merging module available
[2015.01.29-21.39.19:538][  0]LogInit: WinSock: version 1.1 (2.2), MaxSocks=32767, MaxUdp=65467
[2015.01.29-21.39.19:592][  0]LogSlate:Warning: Failed to load font data from '../../../Engine/Content/Slate/Fonts/Roboto-Italic.ttf'
[2015.01.29-21.39.20:317][  0]UdpMessaging: Initializing bridge on interface 0.0.0.0:0 to multicast group 230.0.0.1:6666.
[2015.01.29-21.39.20:470][  0]LogDirectoryWatcher:Warning: Failed to begin reading directory changes for C:/Users/eric/Documents/Unreal Projects/UE4FirstPersonVRTemplate-0.4.5/Binaries/Win64. Error: 0
[2015.01.29-21.39.20:621][  0]SourceControl: Info Source control is disabled
[2015.01.29-21.39.20:621][  0]SourceControl: Info Source control is disabled
[2015.01.29-21.39.20:628][  0]SourceControl: Info Source control is disabled
[2015.01.29-21.39.20:739][  0]LogObj: 23754 objects as part of root set at end of initial load.
[2015.01.29-21.39.20:739][  0]LogUObjectAllocator: 5168136 out of 0 bytes used by permanent object pool.
[2015.01.29-21.39.20:791][  0]LogEngine: Initializing Engine...
[2015.01.29-21.39.20:914][  0]LogInit: XAudio2 using 'Speakers (Realtek High Definition Audio)' : 2 channels at 48 kHz using 32 bits per sample (channel mask 0x3)
[2015.01.29-21.39.20:923][  0]LogInit: FAudioDevice initialized.
[2015.01.29-21.39.20:943][  0]LogAIModule: Creating AISystem for world NewWorld
[2015.01.29-21.39.20:963][  0]LogDerivedDataCache: Saved boot cache 0.02s 39MB C:/Users/eric/AppData/Local/UnrealEngine/4.6/DerivedDataCache/Boot.ddc.
[2015.01.29-21.39.20:966][  0]LogInit: Texture streaming: Enabled
[2015.01.29-21.39.20:990][  0]LogAnalytics: Creating configured Analytics provider AnalyticsET
[2015.01.29-21.39.20:990][  0]LogAnalytics: ET APIKey = Rocket.Release. APIServer = http://et2.epicgames.com/ET2/. AppVersion = 4.6.1-2386410+++depot+UE4-Releases+4.6
[2015.01.29-21.39.20:991][  0]LogAnalytics: SetUserId 7d92e87c14bba1ec53d44500474e03f3
[2015.01.29-21.39.20:991][  0]LogAnalytics: AnalyticsET::StartSession [Rocket.Release]
[2015.01.29-21.39.21:004][  0]LogInit: Transaction tracking system initialized
[2015.01.29-21.39.21:087][  0]BlueprintLog: New page: Editor Load
[2015.01.29-21.39.21:115][  0]LogAssetRegistry: FAssetRegistry took 0.0104 seconds to start up
[2015.01.29-21.39.21:115][  0]LogDirectoryWatcher:Warning: Failed to begin reading directory changes for ../../../Engine/Plugins/Experimental/CharacterAI/Content/. Error: 0
[2015.01.29-21.39.21:539][  0]LogTargetPlatformManager:Display: Building Assets For Windows
[2015.01.29-21.39.21:853][  0]LogTargetPlatformManager:Display: Building Assets For Windows
[2015.01.29-21.39.22:012][  0]LogConsoleResponse:Display: 
[2015.01.29-21.39.22:051][  0]LogLinker:Warning: Asset '../../../Engine/Content/Functions/Engine_MaterialFunctions03/Procedurals/ComputeFilterWidth.uasset' has been saved with empty engine version. The asset will be loaded but may be incompatible.
[2015.01.29-21.39.22:215][  0]SourceControl: Info Source control is disabled
[2015.01.29-21.39.29:897][  0]Cmd: MAP LOAD FILE="../../../../../../Users/eric/Documents/Unreal Projects/UE4FirstPersonVRTemplate-0.4.5/Content/Maps/Example_Map.umap" TEMPLATE=0 SHOWPROGRESS=1
[2015.01.29-21.39.29:898][  0]LightingResults: New page: Lighting Build
[2015.01.29-21.39.29:909][  0]MapCheck: New page: Map Check
[2015.01.29-21.39.29:909][  0]LightingResults: New page: Lighting Build
[2015.01.29-21.39.29:919][  0]LogParticles: Destroying 0 GPU particle simulations for FXSystem 0x00000096682259E0
[2015.01.29-21.39.31:082][  0]LogBlueprint:Warning: [compiler] Warning Function ' Get Player Controller ' is unsafe to call in a construction script.
[2015.01.29-21.39.31:131][  0]LogBlueprint:Warning: [compiler] Warning [0027.11] Compile of ContextMenu successful, but with 1 Warning(s) [in 106 ms]
[2015.01.29-21.39.31:483][  0]LogBlueprint:Warning: [compiler] Warning Function ' Get Player Controller ' is unsafe to call in a construction script.
[2015.01.29-21.39.31:529][  0]LogBlueprint:Warning: [compiler] Warning [0027.51] Compile of ContextMenu successful, but with 1 Warning(s) [in 60 ms]
[2015.01.29-21.39.31:530][  0]LogBlueprint:Warning: [compiler] Warning [0027.51] Compile of ContextMenu successful, but with 2 Warning(s) [in 0 ms]
[2015.01.29-21.39.32:757][  0]LogEditorServer: Finished looking for orphan Actors (0.000 secs)
[2015.01.29-21.39.32:757][  0]LogAIModule: Creating AISystem for world Example_Map
[2015.01.29-21.39.32:758][  0]Cmd: MAP CHECKDEP
[2015.01.29-21.39.32:758][  0]MapCheck: New page: Example_Map - Jan 29, 2015, 11:39:32 AM
[2015.01.29-21.39.32:867][  0]MapCheck: Info Map check complete: 0 Error(s), 0 Warning(s), took 109.61ms to complete.
[2015.01.29-21.39.32:867][  0]LogFileHelpers: Loading map 'Example_Map' took 2.971
[2015.01.29-21.39.32:902][  0]LogStats:Warning: MetaData mismatch. Did you assign a stat to two groups? New //STATGROUP_Threads//SplashScreenThread///Thread_16fc_0///////STATCAT_Advanced//// old //STATGROUP_Threads//SplashScreenThread///Thread_a9c_0///////STATCAT_Advanced////
[2015.01.29-21.39.32:902][  0]LogCollectionManager: Loaded 0 collections in 0.000924 seconds
[2015.01.29-21.39.33:108][  0]LogCrashTracker: Crashtracker disabled due to settings.
[2015.01.29-21.39.33:114][  0]LogUObjectGlobals:Warning: Failed to find object 'Class None.'
[2015.01.29-21.39.33:139][  0]LogLoad: Full Startup: 29.12 seconds (BP compile: 0.71 seconds)
[2015.01.29-21.39.33:160][  0]LogContentBrowser:Verbose: The content browser source was changed by the sources view to '/Game/Effects/materials'
[2015.01.29-21.39.33:330][  1]LogRenderer:Warning: Reallocating scene render targets to support 704x848.
[2015.01.29-21.39.33:394][  2]LogAssetRegistry: Asset discovery search completed in 12.2889 seconds
[2015.01.29-21.39.33:406][  2]LogAnalytics: Event Editor.Usage.AssetClasses has too many attributes (41). May be truncated at the collector.
[2015.01.29-21.39.35:702][ 73]LogRenderer:Warning: Reallocating scene render targets to support 704x872.
[2015.01.29-21.39.45:471][598]LogContentBrowser:Verbose: The content browser source was changed by the sources view to '/Game/Effects/materials'
[2015.01.29-21.39.50:854][795]LogMaterial: Missing cached shader map for material PreviewMaterial_0, compiling.
[2015.01.29-21.39.50:884][795]LogActorComponent: UnregisterComponent: (/Engine/Transient.SkeletalMeshComponent_0) Not registered. Aborting.
[2015.01.29-21.39.50:923][795]LogActorComponent: UnregisterComponent: (/Engine/Transient.SkeletalMeshComponent_0) Not registered. Aborting.
[2015.01.29-21.39.50:923][795]LogActorComponent: RegisterComponentWithWorld: (/Engine/Transient.MaterialEditorMeshComponent_0) Already registered. Aborting.
[2015.01.29-21.39.50:923][795]LogActorComponent: UnregisterComponent: (/Engine/Transient.SkeletalMeshComponent_0) Not registered. Aborting.
[2015.01.29-21.39.50:923][795]LogActorComponent: RegisterComponentWithWorld: (/Engine/Transient.MaterialEditorMeshComponent_0) Already registered. Aborting.
[2015.01.29-21.39.50:926][795]LogMaterial: Missing cached shader map for material PreviewMaterial_0, compiling.
[2015.01.29-21.39.52:454][837]MaterialEditorStats: Info Base pass shader with only dynamic lighting: 34 instructions
[2015.01.29-21.39.52:454][837]MaterialEditorStats: Info Vertex shader: 31 instructions
[2015.01.29-21.39.52:454][837]MaterialEditorStats: Info Texture samplers: 0/16
[2015.01.29-21.39.55:260][944]LogMaterial: Missing cached shader map for material PreviewMaterial_0, compiling.
[2015.01.29-21.39.55:266][944]LogMaterial: Missing cached shader map for material FMatExpressionPreview MaterialExpressionConstant4Vector_0, compiling.
[2015.01.29-21.39.56:064][978]MaterialEditorStats: Info Base pass shader with only dynamic lighting: 34 instructions
[2015.01.29-21.39.56:064][978]MaterialEditorStats: Info Vertex shader: 31 instructions
[2015.01.29-21.39.56:064][978]MaterialEditorStats: Info Texture samplers: 0/16
[2015.01.29-21.39.56:982][ 19]LogMaterial: Missing cached shader map for material PreviewMaterial_0, compiling.
[2015.01.29-21.39.56:988][ 19]LogMaterial: Missing cached shader map for material FMatExpressionPreview MaterialExpressionConstant4Vector_1, compiling.
[2015.01.29-21.39.57:879][ 57]MaterialEditorStats: Info Base pass shader with only dynamic lighting: 34 instructions
[2015.01.29-21.39.57:879][ 57]MaterialEditorStats: Info Vertex shader: 31 instructions
[2015.01.29-21.39.57:879][ 57]MaterialEditorStats: Info Texture samplers: 0/16
[2015.01.29-21.39.57:987][ 62]LogMaterial: Missing cached shader map for material PreviewMaterial_0, compiling.
[2015.01.29-21.39.57:993][ 62]LogMaterial: Missing cached shader map for material FMatExpressionPreview MaterialExpressionConstant4Vector_2, compiling.
[2015.01.29-21.39.59:174][113]MaterialEditorStats: Info Base pass shader with only dynamic lighting: 34 instructions
[2015.01.29-21.39.59:174][113]MaterialEditorStats: Info Vertex shader: 31 instructions
[2015.01.29-21.39.59:174][113]MaterialEditorStats: Info Texture samplers: 0/16
[2015.01.29-21.40.03:467][317]LogMaterial: Missing cached shader map for material PreviewMaterial_0, compiling.
[2015.01.29-21.40.03:473][317]LogMaterial: Missing cached shader map for material FMatExpressionPreview MaterialExpressionVectorParameter_0, compiling.
[2015.01.29-21.40.03:481][317]LogMaterial: Missing cached shader map for material FMatExpressionPreview MaterialExpressionVectorParameter_0, compiling.
[2015.01.29-21.40.03:542][317]LogMaterial: Missing cached shader map for material PreviewMaterial_0, compiling.
[2015.01.29-21.40.04:543][356]MaterialEditorStats: Info Base pass shader with only dynamic lighting: 34 instructions
[2015.01.29-21.40.04:543][356]MaterialEditorStats: Info Vertex shader: 31 instructions
[2015.01.29-21.40.04:543][356]MaterialEditorStats: Info Texture samplers: 0/16
[2015.01.29-21.40.04:969][381]LogMaterial: Missing cached shader map for material PreviewMaterial_0, compiling.
[2015.01.29-21.40.04:999][381]LogMaterial: Missing cached shader map for material FMatExpressionPreview MaterialExpressionVectorParameter_0, compiling.
[2015.01.29-21.40.05:001][381]LogMaterial: Missing cached shader map for material FMatExpressionPreview MaterialExpressionConstant3Vector_0, compiling.
[2015.01.29-21.40.05:009][381]LogMaterial: Missing cached shader map for material FMatExpressionPreview MaterialExpressionConstant3Vector_0, compiling.
[2015.01.29-21.40.05:043][381]LogMaterial: Missing cached shader map for material PreviewMaterial_0, compiling.
[2015.01.29-21.40.06:217][428]MaterialEditorStats: Info Base pass shader with only dynamic lighting: 34 instructions
[2015.01.29-21.40.06:218][428]MaterialEditorStats: Info Vertex shader: 31 instructions
[2015.01.29-21.40.06:218][428]MaterialEditorStats: Info Texture samplers: 0/16
[2015.01.29-21.40.06:579][449]LogMaterial: Missing cached shader map for material PreviewMaterial_0, compiling.
[2015.01.29-21.40.06:586][449]LogMaterial: Missing cached shader map for material FMatExpressionPreview MaterialExpressionVectorParameter_1, compiling.
[2015.01.29-21.40.06:592][449]LogMaterial: Missing cached shader map for material FMatExpressionPreview MaterialExpressionVectorParameter_1, compiling.
[2015.01.29-21.40.06:629][449]LogMaterial: Missing cached shader map for material PreviewMaterial_0, compiling.
[2015.01.29-21.40.07:622][489]MaterialEditorStats: Info Base pass shader with only dynamic lighting: 34 instructions
[2015.01.29-21.40.07:622][489]MaterialEditorStats: Info Vertex shader: 31 instructions
[2015.01.29-21.40.07:622][489]MaterialEditorStats: Info Texture samplers: 0/16
[2015.01.29-21.40.08:306][529]LogMaterial: Missing cached shader map for material PreviewMaterial_0, compiling.
[2015.01.29-21.40.08:341][529]LogMaterial: Missing cached shader map for material FMatExpressionPreview MaterialExpressionVectorParameter_1, compiling.
[2015.01.29-21.40.08:375][529]LogMaterial: Missing cached shader map for material FMatExpressionPreview MaterialExpressionVectorParameter_2, compiling.
[2015.01.29-21.40.08:380][529]LogMaterial: Missing cached shader map for material FMatExpressionPreview MaterialExpressionVectorParameter_2, compiling.
[2015.01.29-21.40.08:417][529]LogMaterial: Missing cached shader map for material PreviewMaterial_0, compiling.
[2015.01.29-21.40.09:450][571]MaterialEditorStats: Info Base pass shader with only dynamic lighting: 34 instructions
[2015.01.29-21.40.09:450][571]MaterialEditorStats: Info Vertex shader: 31 instructions
[2015.01.29-21.40.09:451][571]MaterialEditorStats: Info Texture samplers: 0/16
[2015.01.29-21.40.10:367][622]LogMaterial: Missing cached shader map for material PreviewMaterial_0, compiling.
[2015.01.29-21.40.10:400][622]LogMaterial: Missing cached shader map for material FMatExpressionPreview MaterialExpressionVectorParameter_2, compiling.
[2015.01.29-21.40.10:403][622]LogMaterial: Missing cached shader map for material FMatExpressionPreview MaterialExpressionConstant3Vector_1, compiling.
[2015.01.29-21.40.10:411][622]LogMaterial: Missing cached shader map for material FMatExpressionPreview MaterialExpressionConstant3Vector_1, compiling.
[2015.01.29-21.40.10:446][622]LogMaterial: Missing cached shader map for material PreviewMaterial_0, compiling.
[2015.01.29-21.40.11:542][666]MaterialEditorStats: Info Base pass shader with only dynamic lighting: 34 instructions
[2015.01.29-21.40.11:542][666]MaterialEditorStats: Info Vertex shader: 31 instructions
[2015.01.29-21.40.11:542][666]MaterialEditorStats: Info Texture samplers: 0/16
[2015.01.29-21.40.13:854][790]LogMaterial: Missing cached shader map for material PreviewMaterial_0, compiling.
[2015.01.29-21.40.13:860][790]LogMaterial: Missing cached shader map for material FMatExpressionPreview MaterialExpressionVectorParameter_3, compiling.
[2015.01.29-21.40.13:869][790]LogMaterial: Missing cached shader map for material FMatExpressionPreview MaterialExpressionVectorParameter_3, compiling.
[2015.01.29-21.40.13:905][790]LogMaterial: Missing cached shader map for material PreviewMaterial_0, compiling.
[2015.01.29-21.40.14:957][833]MaterialEditorStats: Info Base pass shader with only dynamic lighting: 34 instructions
[2015.01.29-21.40.14:957][833]MaterialEditorStats: Info Vertex shader: 31 instructions
[2015.01.29-21.40.14:957][833]MaterialEditorStats: Info Texture samplers: 0/16
[2015.01.29-21.40.15:550][868]LogMaterial: Missing cached shader map for material PreviewMaterial_0, compiling.
[2015.01.29-21.40.15:582][868]LogMaterial: Missing cached shader map for material FMatExpressionPreview MaterialExpressionVectorParameter_3, compiling.
[2015.01.29-21.40.15:585][868]LogMaterial: Missing cached shader map for material FMatExpressionPreview MaterialExpressionVectorParameter_4, compiling.
[2015.01.29-21.40.15:593][868]LogMaterial: Missing cached shader map for material FMatExpressionPreview MaterialExpressionVectorParameter_4, compiling.
[2015.01.29-21.40.15:630][868]LogMaterial: Missing cached shader map for material PreviewMaterial_0, compiling.
[2015.01.29-21.40.16:742][913]MaterialEditorStats: Info Base pass shader with only dynamic lighting: 34 instructions
[2015.01.29-21.40.16:742][913]MaterialEditorStats: Info Vertex shader: 31 instructions
[2015.01.29-21.40.16:742][913]MaterialEditorStats: Info Texture samplers: 0/16
[2015.01.29-21.40.28:545][464]LogMaterial: Missing cached shader map for material PreviewMaterial_0, compiling.
[2015.01.29-21.40.28:602][464]LogMaterial: Missing cached shader map for material FMatExpressionPreview MaterialExpressionVectorParameter_1, compiling.
[2015.01.29-21.40.28:606][464]LogMaterial: Missing cached shader map for material FMatExpressionPreview MaterialExpressionVectorParameter_4, compiling.
[2015.01.29-21.40.29:367][496]MaterialEditorStats: Info Base pass shader with only dynamic lighting: 34 instructions
[2015.01.29-21.40.29:367][496]MaterialEditorStats: Info Vertex shader: 31 instructions
[2015.01.29-21.40.29:367][496]MaterialEditorStats: Info Texture samplers: 0/16
[2015.01.29-21.40.39:533][936]LogMaterial: Missing cached shader map for material PreviewMaterial_0, compiling.
[2015.01.29-21.40.39:564][936]LogMaterial: Missing cached shader map for material FMatExpressionPreview MaterialExpressionVectorParameter_3, compiling.
[2015.01.29-21.40.40:344][968]MaterialEditorStats: Info Base pass shader with only dynamic lighting: 34 instructions
[2015.01.29-21.40.40:344][968]MaterialEditorStats: Info Vertex shader: 31 instructions
[2015.01.29-21.40.40:344][968]MaterialEditorStats: Info Texture samplers: 0/16
[2015.01.29-21.40.48:540][328]LogMaterial: Missing cached shader map for material PreviewMaterial_0, compiling.
[2015.01.29-21.40.48:570][328]LogMaterial: Missing cached shader map for material FMatExpressionPreview MaterialExpressionVectorParameter_4, compiling.
[2015.01.29-21.40.49:370][361]MaterialEditorStats: Info Base pass shader with only dynamic lighting: 34 instructions
[2015.01.29-21.40.49:370][361]MaterialEditorStats: Info Vertex shader: 31 instructions
[2015.01.29-21.40.49:370][361]MaterialEditorStats: Info Texture samplers: 0/16
[2015.01.29-21.40.51:373][448]LogMaterial: Missing cached shader map for material PreviewMaterial_0, compiling.
[2015.01.29-21.40.51:406][448]LogMaterial: Missing cached shader map for material FMatExpressionPreview MaterialExpressionVectorParameter_4, compiling.
[2015.01.29-21.40.52:294][482]MaterialEditorStats: Info Base pass shader with only dynamic lighting: 34 instructions
[2015.01.29-21.40.52:294][482]MaterialEditorStats: Info Vertex shader: 31 instructions
[2015.01.29-21.40.52:294][482]MaterialEditorStats: Info Texture samplers: 0/16
[2015.01.29-21.40.59:819][807]LogMaterial: Missing cached shader map for material PreviewMaterial_0, compiling.
[2015.01.29-21.40.59:849][807]LogMaterial: Missing cached shader map for material FMatExpressionPreview MaterialExpressionVectorParameter_1, compiling.
[2015.01.29-21.41.00:597][838]MaterialEditorStats: Info Base pass shader with only dynamic lighting: 34 instructions
[2015.01.29-21.41.00:597][838]MaterialEditorStats: Info Vertex shader: 31 instructions
[2015.01.29-21.41.00:597][838]MaterialEditorStats: Info Texture samplers: 0/16
[2015.01.29-21.41.02:948][940]LogMaterial: Missing cached shader map for material PreviewMaterial_0, compiling.
[2015.01.29-21.41.02:979][940]LogMaterial: Missing cached shader map for material FMatExpressionPreview MaterialExpressionVectorParameter_1, compiling.
[2015.01.29-21.41.03:749][971]MaterialEditorStats: Info Base pass shader with only dynamic lighting: 34 instructions
[2015.01.29-21.41.03:749][971]MaterialEditorStats: Info Vertex shader: 31 instructions
[2015.01.29-21.41.03:749][971]MaterialEditorStats: Info Texture samplers: 0/16
[2015.01.29-21.41.10:053][248]LogMaterial: Missing cached shader map for material PreviewMaterial_0, compiling.
[2015.01.29-21.41.10:084][248]LogMaterial: Missing cached shader map for material FMatExpressionPreview MaterialExpressionVectorParameter_1, compiling.
[2015.01.29-21.41.10:822][278]MaterialEditorStats: Info Base pass shader with only dynamic lighting: 34 instructions
[2015.01.29-21.41.10:822][278]MaterialEditorStats: Info Vertex shader: 31 instructions
[2015.01.29-21.41.10:822][278]MaterialEditorStats: Info Texture samplers: 0/16
[2015.01.29-21.41.21:198][724]LogMaterial: Missing cached shader map for material PreviewMaterial_0, compiling.
[2015.01.29-21.41.21:227][724]LogMaterial: Missing cached shader map for material FMatExpressionPreview MaterialExpressionVectorParameter_3, compiling.
[2015.01.29-21.41.21:939][754]MaterialEditorStats: Info Base pass shader with only dynamic lighting: 34 instructions
[2015.01.29-21.41.21:939][754]MaterialEditorStats: Info Vertex shader: 31 instructions
[2015.01.29-21.41.21:939][754]MaterialEditorStats: Info Texture samplers: 0/16
[2015.01.29-21.41.30:207][113]LogMaterial: Missing cached shader map for material PreviewMaterial_0, compiling.
[2015.01.29-21.41.30:242][113]LogMaterial: Missing cached shader map for material FMatExpressionPreview MaterialExpressionVectorParameter_3, compiling.
[2015.01.29-21.41.30:972][143]MaterialEditorStats: Info Base pass shader with only dynamic lighting: 34 instructions
[2015.01.29-21.41.30:972][143]MaterialEditorStats: Info Vertex shader: 31 instructions
[2015.01.29-21.41.30:972][143]MaterialEditorStats: Info Texture samplers: 0/16
[2015.01.29-21.41.34:193][282]LogMaterial: Missing cached shader map for material PreviewMaterial_0, compiling.
[2015.01.29-21.41.34:222][282]LogMaterial: Missing cached shader map for material FMatExpressionPreview MaterialExpressionVectorParameter_3, compiling.
[2015.01.29-21.41.34:941][312]MaterialEditorStats: Info Base pass shader with only dynamic lighting: 34 instructions
[2015.01.29-21.41.34:941][312]MaterialEditorStats: Info Vertex shader: 31 instructions
[2015.01.29-21.41.34:941][312]MaterialEditorStats: Info Texture samplers: 0/16
[2015.01.29-21.41.35:732][346]LogMaterial: Missing cached shader map for material PreviewMaterial_0, compiling.
[2015.01.29-21.41.35:762][346]LogMaterial: Missing cached shader map for material FMatExpressionPreview MaterialExpressionVectorParameter_3, compiling.
[2015.01.29-21.41.36:442][375]MaterialEditorStats: Info Base pass shader with only dynamic lighting: 34 instructions
[2015.01.29-21.41.36:442][375]MaterialEditorStats: Info Vertex shader: 31 instructions
[2015.01.29-21.41.36:442][375]MaterialEditorStats: Info Texture samplers: 0/16
[2015.01.29-21.41.50:955][104]LogMaterial: Missing cached shader map for material PreviewMaterial_0, compiling.
[2015.01.29-21.41.51:699][129]MaterialEditorStats: Info Base pass shader with only dynamic lighting: 34 instructions
[2015.01.29-21.41.51:699][129]MaterialEditorStats: Info Vertex shader: 31 instructions
[2015.01.29-21.41.51:699][129]MaterialEditorStats: Info Texture samplers: 0/16
[2015.01.29-21.42.01:814][639]LogMaterial: Missing cached shader map for material PreviewMaterial_0, compiling.
[2015.01.29-21.42.01:848][639]LogMaterial: Missing cached shader map for material FMatExpressionPreview MaterialExpressionVectorParameter_1, compiling.
[2015.01.29-21.42.02:569][672]MaterialEditorStats: Info Base pass shader with only dynamic lighting: 34 instructions
[2015.01.29-21.42.02:569][672]MaterialEditorStats: Info Vertex shader: 31 instructions
[2015.01.29-21.42.02:569][672]MaterialEditorStats: Info Texture samplers: 0/16
[2015.01.29-21.42.08:091][933]LogLinker:Warning: Asset '../../../Engine/Content/Functions/Engine_MaterialFunctions02/Utility/CustomReflectionVector.uasset' has been saved with empty engine version. The asset will be loaded but may be incompatible.
[2015.01.29-21.42.22:935][647]LogMaterial: Missing cached shader map for material PreviewMaterial_0, compiling.
[2015.01.29-21.42.24:409][708]MaterialEditorStats: Info Base pass shader with only dynamic lighting: 34 instructions
[2015.01.29-21.42.24:409][708]MaterialEditorStats: Info Vertex shader: 31 instructions
[2015.01.29-21.42.24:409][708]MaterialEditorStats: Info Texture samplers: 0/16
[2015.01.29-21.42.33:007][206]LogMaterial: Missing cached shader map for material PreviewMaterial_0, compiling.
[2015.01.29-21.42.33:779][232]MaterialEditorStats: Info Base pass shader with only dynamic lighting: 34 instructions
[2015.01.29-21.42.33:779][232]MaterialEditorStats: Info Vertex shader: 31 instructions
[2015.01.29-21.42.33:779][232]MaterialEditorStats: Info Texture samplers: 0/16
[2015.01.29-21.42.40:590][557]LogMaterial: Missing cached shader map for material PreviewMaterial_0, compiling.
[2015.01.29-21.42.41:267][585]MaterialEditorStats: Info Base pass shader with only dynamic lighting: 34 instructions
[2015.01.29-21.42.41:267][585]MaterialEditorStats: Info Vertex shader: 31 instructions
[2015.01.29-21.42.41:267][585]MaterialEditorStats: Info Texture samplers: 0/16
[2015.01.29-21.42.46:059][830]LogMaterial: Missing cached shader map for material Material_0, compiling.
[2015.01.29-21.42.51:940][ 99]LogMaterial: Missing cached shader map for material Material_0, compiling.
[2015.01.29-21.42.51:966][ 99]LogMaterial: Missing cached shader map for material FMatExpressionPreview MaterialExpressionVectorParameter_1, compiling.
[2015.01.29-21.42.54:156][200]LogMaterial: Missing cached shader map for material Material_0, compiling.
[2015.01.29-21.42.54:182][200]LogMaterial: Missing cached shader map for material FMatExpressionPreview MaterialExpressionVectorParameter_3, compiling.
[2015.01.29-21.42.56:881][316]LogMaterial: Missing cached shader map for material Material_0, compiling.
[2015.01.29-21.42.57:663][350]LogMaterial: Missing cached shader map for material Material_0, compiling.
[2015.01.29-21.42.59:444][435]LogMaterial: Missing cached shader map for material Material_0, compiling.
[2015.01.29-21.42.59:471][435]LogMaterial: Missing cached shader map for material FMatExpressionPreview MaterialExpressionVectorParameter_3, compiling.
[2015.01.29-21.43.01:578][538]LogMaterial: Missing cached shader map for material Material_0, compiling.
[2015.01.29-21.43.01:578][538]LogMaterial:Warning: Failed to compile Material /Engine/Transient.Material_0 for platform PCD3D_SM5, Default Material will be used in game.
[2015.01.29-21.43.01:578][538]LogMaterial:Warning: 	Function RadialGradientExponential: (Node If) If input A must be of type float.
[2015.01.29-21.43.01:605][538]LogMaterial: Missing cached shader map for material FMatExpressionPreview MaterialExpressionVectorParameter_1, compiling.
[2015.01.29-21.43.03:672][626]LogEditorTransaction: Undo Create Pin Link
[2015.01.29-21.43.03:697][626]LogMaterial: Missing cached shader map for material PreviewMaterial_0, compiling.
[2015.01.29-21.43.03:703][626]LogMaterial: Missing cached shader map for material Material_0, compiling.
[2015.01.29-21.43.03:729][626]LogMaterial: Missing cached shader map for material FMatExpressionPreview MaterialExpressionVectorParameter_1, compiling.
[2015.01.29-21.43.04:380][640]MaterialEditorStats: Info Base pass shader with only dynamic lighting: 34 instructions
[2015.01.29-21.43.04:380][640]MaterialEditorStats: Info Vertex shader: 31 instructions
[2015.01.29-21.43.04:380][640]MaterialEditorStats: Info Texture samplers: 0/16
[2015.01.29-21.43.05:348][682]LogEditorTransaction: Undo Create Pin Link
[2015.01.29-21.43.05:373][682]LogMaterial: Missing cached shader map for material PreviewMaterial_0, compiling.
[2015.01.29-21.43.05:380][682]LogMaterial: Missing cached shader map for material Material_0, compiling.
[2015.01.29-21.43.05:406][682]LogMaterial: Missing cached shader map for material FMatExpressionPreview MaterialExpressionVectorParameter_3, compiling.
[2015.01.29-21.43.06:129][709]MaterialEditorStats: Info Base pass shader with only dynamic lighting: 34 instructions
[2015.01.29-21.43.06:129][709]MaterialEditorStats: Info Vertex shader: 31 instructions
[2015.01.29-21.43.06:129][709]MaterialEditorStats: Info Texture samplers: 0/16
[2015.01.29-21.43.10:165][883]LogMaterial: Missing cached shader map for material PreviewMaterial_0, compiling.
[2015.01.29-21.43.11:455][909]MaterialEditorStats: Info Base pass shader with only dynamic lighting: 34 instructions
[2015.01.29-21.43.11:455][909]MaterialEditorStats: Info Vertex shader: 31 instructions
[2015.01.29-21.43.11:456][909]MaterialEditorStats: Info Texture samplers: 0/16
[2015.01.29-21.43.20:896][974]LogMaterial: Missing cached shader map for material PreviewMaterial_0, compiling.
[2015.01.29-21.43.21:658][  7]MaterialEditorStats: Info Base pass shader with only dynamic lighting: 34 instructions
[2015.01.29-21.43.21:658][  7]MaterialEditorStats: Info Vertex shader: 31 instructions
[2015.01.29-21.43.21:658][  7]MaterialEditorStats: Info Texture samplers: 0/16
[2015.01.29-21.43.21:895][ 17]LogMaterial: Missing cached shader map for material PreviewMaterial_0, compiling.
[2015.01.29-21.43.22:636][ 49]MaterialEditorStats: Info Base pass shader with only dynamic lighting: 34 instructions
[2015.01.29-21.43.22:636][ 49]MaterialEditorStats: Info Vertex shader: 31 instructions
[2015.01.29-21.43.22:636][ 49]MaterialEditorStats: Info Texture samplers: 0/16
[2015.01.29-21.43.23:112][ 70]LogMaterial: Missing cached shader map for material PreviewMaterial_0, compiling.
[2015.01.29-21.43.23:820][100]LogMaterial: Missing cached shader map for material PreviewMaterial_0, compiling.
[2015.01.29-21.43.23:919][102]MaterialEditorStats: Info Base pass shader with only dynamic lighting: 34 instructions
[2015.01.29-21.43.23:919][102]MaterialEditorStats: Info Vertex shader: 31 instructions
[2015.01.29-21.43.23:919][102]MaterialEditorStats: Info Texture samplers: 0/16
[2015.01.29-21.43.25:721][182]LogMaterial: Missing cached shader map for material PreviewMaterial_0, compiling.
[2015.01.29-21.43.26:444][213]MaterialEditorStats: Info Base pass shader with only dynamic lighting: 34 instructions
[2015.01.29-21.43.26:444][213]MaterialEditorStats: Info Vertex shader: 31 instructions
[2015.01.29-21.43.26:444][213]MaterialEditorStats: Info Texture samplers: 0/16
[2015.01.29-21.43.29:396][356]LogMaterial: Missing cached shader map for material PreviewMaterial_0, compiling.
[2015.01.29-21.43.29:410][356]LogMaterial: Missing cached shader map for material PreviewMaterial_0, compiling.
[2015.01.29-21.43.30:076][378]MaterialEditorStats: Info Base pass shader with only dynamic lighting: 34 instructions
[2015.01.29-21.43.30:076][378]MaterialEditorStats: Info Vertex shader: 31 instructions
[2015.01.29-21.43.30:076][378]MaterialEditorStats: Info Texture samplers: 0/16
[2015.01.29-21.43.31:450][450]LogMaterial: Missing cached shader map for material PreviewMaterial_0, compiling.
[2015.01.29-21.43.31:464][450]LogMaterial: Missing cached shader map for material PreviewMaterial_0, compiling.
[2015.01.29-21.43.32:174][476]MaterialEditorStats: Info Base pass shader with only dynamic lighting: 34 instructions
[2015.01.29-21.43.32:174][476]MaterialEditorStats: Info Vertex shader: 31 instructions
[2015.01.29-21.43.32:174][476]MaterialEditorStats: Info Texture samplers: 0/16
[2015.01.29-21.43.32:611][501]LogMaterial: Missing cached shader map for material PreviewMaterial_0, compiling.
[2015.01.29-21.43.32:626][501]LogMaterial: Missing cached shader map for material PreviewMaterial_0, compiling.
[2015.01.29-21.43.33:504][537]MaterialEditorStats: Info Base pass shader with only dynamic lighting: 34 instructions
[2015.01.29-21.43.33:504][537]MaterialEditorStats: Info Vertex shader: 31 instructions
[2015.01.29-21.43.33:504][537]MaterialEditorStats: Info Texture samplers: 0/16
[2015.01.29-21.43.34:697][599]LogMaterial: Missing cached shader map for material PreviewMaterial_0, compiling.
[2015.01.29-21.43.34:711][599]LogMaterial: Missing cached shader map for material PreviewMaterial_0, compiling.
[2015.01.29-21.43.35:574][629]MaterialEditorStats: Info Base pass shader with only dynamic lighting: 34 instructions
[2015.01.29-21.43.35:574][629]MaterialEditorStats: Info Vertex shader: 31 instructions
[2015.01.29-21.43.35:574][629]MaterialEditorStats: Info Texture samplers: 0/16
[2015.01.29-21.43.36:026][655]LogMaterial: Missing cached shader map for material PreviewMaterial_0, compiling.
[2015.01.29-21.43.36:040][655]LogMaterial: Missing cached shader map for material PreviewMaterial_0, compiling.
[2015.01.29-21.43.36:805][683]MaterialEditorStats: Info Base pass shader with only dynamic lighting: 34 instructions
[2015.01.29-21.43.36:805][683]MaterialEditorStats: Info Vertex shader: 31 instructions
[2015.01.29-21.43.36:805][683]MaterialEditorStats: Info Texture samplers: 0/16
[2015.01.29-21.43.47:600][160]LogMaterial: Missing cached shader map for material PreviewMaterial_0, compiling.
[2015.01.29-21.43.48:367][194]MaterialEditorStats: Info Base pass shader with only dynamic lighting: 34 instructions
[2015.01.29-21.43.48:367][194]MaterialEditorStats: Info Vertex shader: 31 instructions
[2015.01.29-21.43.48:368][194]MaterialEditorStats: Info Texture samplers: 0/16
[2015.01.29-21.43.58:645][642]LogMaterial: Missing cached shader map for material PreviewMaterial_0, compiling.
[2015.01.29-21.43.59:514][676]MaterialEditorStats: Info Base pass shader with only dynamic lighting: 34 instructions
[2015.01.29-21.43.59:514][676]MaterialEditorStats: Info Vertex shader: 31 instructions
[2015.01.29-21.43.59:514][676]MaterialEditorStats: Info Texture samplers: 0/16
[2015.01.29-21.44.06:303][972]LogMaterial: Missing cached shader map for material PreviewMaterial_0, compiling.
[2015.01.29-21.44.07:085][  6]MaterialEditorStats: Info Base pass shader with only dynamic lighting: 34 instructions
[2015.01.29-21.44.07:085][  6]MaterialEditorStats: Info Vertex shader: 31 instructions
[2015.01.29-21.44.07:085][  6]MaterialEditorStats: Info Texture samplers: 0/16
[2015.01.29-21.44.16:176][400]LogMaterial: Missing cached shader map for material PreviewMaterial_0, compiling.
[2015.01.29-21.44.16:951][433]MaterialEditorStats: Info Base pass shader with only dynamic lighting: 34 instructions
[2015.01.29-21.44.16:951][433]MaterialEditorStats: Info Vertex shader: 31 instructions
[2015.01.29-21.44.16:951][433]MaterialEditorStats: Info Texture samplers: 0/16
[2015.01.29-21.44.27:784][905]LogMaterial: Missing cached shader map for material PreviewMaterial_0, compiling.
[2015.01.29-21.44.28:566][938]MaterialEditorStats: Info Base pass shader with only dynamic lighting: 34 instructions
[2015.01.29-21.44.28:566][938]MaterialEditorStats: Info Vertex shader: 31 instructions
[2015.01.29-21.44.28:566][938]MaterialEditorStats: Info Texture samplers: 0/16
[2015.01.29-21.44.34:531][197]LogMaterial: Missing cached shader map for material PreviewMaterial_0, compiling.
[2015.01.29-21.44.35:300][230]MaterialEditorStats: Info Base pass shader with only dynamic lighting: 34 instructions
[2015.01.29-21.44.35:300][230]MaterialEditorStats: Info Vertex shader: 31 instructions
[2015.01.29-21.44.35:300][230]MaterialEditorStats: Info Texture samplers: 0/16
[2015.01.29-21.44.39:536][414]LogMaterial: Missing cached shader map for material PreviewMaterial_0, compiling.
[2015.01.29-21.44.40:264][445]MaterialEditorStats: Info Base pass shader with only dynamic lighting: 34 instructions
[2015.01.29-21.44.40:264][445]MaterialEditorStats: Info Vertex shader: 31 instructions
[2015.01.29-21.44.40:264][445]MaterialEditorStats: Info Texture samplers: 0/16
[2015.01.29-21.44.42:895][560]LogMaterial: Missing cached shader map for material PreviewMaterial_0, compiling.
[2015.01.29-21.44.43:582][589]MaterialEditorStats: Info Base pass shader with only dynamic lighting: 34 instructions
[2015.01.29-21.44.43:582][589]MaterialEditorStats: Info Vertex shader: 31 instructions
[2015.01.29-21.44.43:582][589]MaterialEditorStats: Info Texture samplers: 0/16
[2015.01.29-21.44.49:586][848]LogMaterial: Missing cached shader map for material PreviewMaterial_0, compiling.
[2015.01.29-21.44.50:351][880]MaterialEditorStats: Info Base pass shader with only dynamic lighting: 34 instructions
[2015.01.29-21.44.50:351][880]MaterialEditorStats: Info Vertex shader: 31 instructions
[2015.01.29-21.44.50:351][880]MaterialEditorStats: Info Texture samplers: 0/16
[2015.01.29-21.44.52:190][960]LogMaterial: Missing cached shader map for material PreviewMaterial_0, compiling.
[2015.01.29-21.44.52:901][991]MaterialEditorStats: Info Base pass shader with only dynamic lighting: 34 instructions
[2015.01.29-21.44.52:901][991]MaterialEditorStats: Info Vertex shader: 31 instructions
[2015.01.29-21.44.52:901][991]MaterialEditorStats: Info Texture samplers: 0/16
[2015.01.29-21.47.21:009][227]LogMaterial: Missing cached shader map for material PreviewMaterial_0, compiling.
[2015.01.29-21.47.21:017][227]LogMaterial: Missing cached shader map for material PreviewMaterial_0, compiling.
[2015.01.29-21.47.23:416][336]LogMaterial: Missing cached shader map for material PreviewMaterial_0, compiling.
[2015.01.29-21.47.23:431][336]LogMaterial: Missing cached shader map for material PreviewMaterial_0, compiling.
[2015.01.29-21.47.25:725][426]MaterialEditorStats: Info Base pass shader with only dynamic lighting: 5 instructions
[2015.01.29-21.47.25:725][426]MaterialEditorStats: Info Base pass shader for self shadowed translucency: 5 instructions
[2015.01.29-21.47.25:725][426]MaterialEditorStats: Info Vertex shader: 68 instructions
[2015.01.29-21.47.25:725][426]MaterialEditorStats: Info Texture samplers: 3/16
[2015.01.29-21.47.26:978][489]LogMaterial: Missing cached shader map for material PreviewMaterial_0, compiling.
[2015.01.29-21.47.28:884][566]MaterialEditorStats: Info Base pass shader with only dynamic lighting: 5 instructions
[2015.01.29-21.47.28:884][566]MaterialEditorStats: Info Base pass shader for self shadowed translucency: 5 instructions
[2015.01.29-21.47.28:884][566]MaterialEditorStats: Info Vertex shader: 68 instructions
[2015.01.29-21.47.28:884][566]MaterialEditorStats: Info Texture samplers: 3/16
[2015.01.29-21.47.36:760][864]LogParticles: Destroying 0 GPU particle simulations for FXSystem 0x00000096705C6480
[2015.01.29-21.47.39:467][935]LogEditorViewport: Clicking on Actor (LMB): Emitter (clouds)
[2015.01.29-21.48.38:309][152]LogContentBrowser:Verbose: The content browser source was changed by the sources view to '/Game/Effects'
[2015.01.29-21.48.39:429][215]LogPhysics:Warning: PHYSX: ..\..\PhysXExtensions\src\ExtRigidBodyExt.cpp (234) 4 : computeMassAndInertia: Dynamic actor with illegal collision shapes
[2015.01.29-21.48.39:429][215]LogPhysics:Warning: PHYSX: ..\..\PhysXExtensions\src\ExtRigidBodyExt.cpp (283) 4 : PxRigidBodyExt::updateMassAndInertia: Mass and inertia computation failed, setting mass to 1 and inertia to (1,1,1)
[2015.01.29-21.48.39:435][215]LogLinker:Warning: Asset '../../../Engine/Content/EditorMaterials/Cascade/CASC_Lights.uasset' has been saved with empty engine version. The asset will be loaded but may be incompatible.
[2015.01.29-21.48.39:614][215]LogRenderer:Warning: Reallocating scene render targets to support 792x872.
[2015.01.29-21.49.01:590][815]LogEditorViewport: Clicking on Actor (LMB): Emitter (clouds5)
[2015.01.29-21.49.45:316][556]LogSavePackage: Save=59.170506ms
[2015.01.29-21.49.45:316][556]LogSavePackage: Moving '../../../../../../Users/eric/Documents/Unreal Projects/UE4FirstPersonVRTemplate-0.4.5/Saved/Example_Map_Auto183C709194A46CB0922D053AC29EFD960.tmp' to '../../../../../../Users/eric/Documents/Unreal Projects/UE4FirstPersonVRTemplate-0.4.5/Saved/Autosaves/Game/Maps/Example_Map_Auto1.umap'
[2015.01.29-21.49.45:324][556]LogFileHelpers: Editor autosave (incl. sublevels) for '/Game/Maps/Example_Map' took 0.235
[2015.01.29-21.49.45:324][556]LogFileHelpers: Editor autosave (incl. sublevels) for all levels took 0.235
[2015.01.29-21.49.45:332][556]OBJ SavePackage: Generating thumbnails for [1] asset(s) in package [/Game/Effects/clouds] ([1] browsable assets)...
[2015.01.29-21.49.45:343][556]OBJ SavePackage:     Rendered thumbnail for [ParticleSystem /Game/Effects/clouds.clouds]
[2015.01.29-21.49.45:343][556]OBJ SavePackage: Finished generating thumbnails for package [/Game/Effects/clouds]
[2015.01.29-21.49.45:505][556]LogSavePackage: Save=58.413990ms
[2015.01.29-21.49.45:505][556]LogSavePackage: Moving '../../../../../../Users/eric/Documents/Unreal Projects/UE4FirstPersonVRTemplate-0.4.5/Saved/clouds_Auto18A45F2E6474D37B03ACD4B92C4B533CD.tmp' to '../../../../../../Users/eric/Documents/Unreal Projects/UE4FirstPersonVRTemplate-0.4.5/Saved/Autosaves/Game/Effects/clouds_Auto1.uasset'
[2015.01.29-21.49.45:509][556]LogFileHelpers: Auto-saving content packages took 0.185
[2015.01.29-21.53.42:566][612]LogEditorViewport: Clicking on Actor (LMB): Emitter (clouds5)
[2015.01.29-21.53.53:434][869]LogEditorActor: Deleted Actor: Emitter
[2015.01.29-21.53.53:435][869]LogEditorActor: Deleted Actor: Emitter
[2015.01.29-21.53.53:436][869]LogEditorActor: Deleted Actor: Emitter
[2015.01.29-21.53.53:437][869]LogEditorActor: Deleted Actor: Emitter
[2015.01.29-21.53.53:438][869]LogEditorActor: Deleted Actor: Emitter
[2015.01.29-21.53.53:438][869]LogEditorActor: Deleted Actor: Emitter
[2015.01.29-21.53.53:482][869]LogEditorActor: Deleted 6 Actors (0.050 secs)
[2015.01.29-21.53.55:365][921]LogEditorViewport: Clicking on Actor (LMB): Emitter (clouds7)
[2015.01.29-21.55.17:964][163]Cmd: DELETE
[2015.01.29-21.55.17:964][163]Cmd: ACTOR DELETE
[2015.01.29-21.55.17:965][163]LogEditorActor: Deleted Actor: Emitter
[2015.01.29-21.55.17:986][163]LogEditorActor: Deleted 1 Actors (0.022 secs)
[2015.01.29-21.55.18:585][177]LogEditorViewport: Clicking on Actor (LMB): Emitter (clouds7)
[2015.01.29-21.55.23:226][300]Cmd: CAMERA ALIGN ACTIVEVIEWPORTONLY
[2015.01.29-21.55.23:226][300]Aligned camera to fit all selected actors.
[2015.01.29-21.56.26:541][ 30]LogEditorViewport: Clicking on Actor (LMB): Emitter (clouds7)
[2015.01.29-22.00.01:390][305]LogSavePackage: Save=57.175934ms
[2015.01.29-22.00.01:390][305]LogSavePackage: Moving '../../../../../../Users/eric/Documents/Unreal Projects/UE4FirstPersonVRTemplate-0.4.5/Saved/Example_Map_Auto29148317940B821A91579DF842E30627C.tmp' to '../../../../../../Users/eric/Documents/Unreal Projects/UE4FirstPersonVRTemplate-0.4.5/Saved/Autosaves/Game/Maps/Example_Map_Auto2.umap'
[2015.01.29-22.00.01:399][305]LogFileHelpers: Editor autosave (incl. sublevels) for '/Game/Maps/Example_Map' took 0.234
[2015.01.29-22.00.01:399][305]LogFileHelpers: Editor autosave (incl. sublevels) for all levels took 0.234
[2015.01.29-22.00.01:408][305]OBJ SavePackage: Generating thumbnails for [1] asset(s) in package [/Game/Effects/clouds] ([1] browsable assets)...
[2015.01.29-22.00.01:418][305]OBJ SavePackage:     Rendered thumbnail for [ParticleSystem /Game/Effects/clouds.clouds]
[2015.01.29-22.00.01:418][305]OBJ SavePackage: Finished generating thumbnails for package [/Game/Effects/clouds]
[2015.01.29-22.00.01:578][305]LogSavePackage: Save=54.624554ms
[2015.01.29-22.00.01:578][305]LogSavePackage: Moving '../../../../../../Users/eric/Documents/Unreal Projects/UE4FirstPersonVRTemplate-0.4.5/Saved/clouds_Auto281A9CD3F4AA0CB2C068451B51EB75DE0.tmp' to '../../../../../../Users/eric/Documents/Unreal Projects/UE4FirstPersonVRTemplate-0.4.5/Saved/Autosaves/Game/Effects/clouds_Auto2.uasset'
[2015.01.29-22.00.01:592][305]LogFileHelpers: Auto-saving content packages took 0.194
[2015.01.29-22.00.24:492][512]LogSlate:Warning: Prevented a slow task dialog from being summoned while a context menu was open
[2015.01.29-22.02.08:031][646]Cmd: OBJ SAVEPACKAGE PACKAGE="/Game/Effects/clouds" FILE="../../../../../../Users/eric/Documents/Unreal Projects/UE4FirstPersonVRTemplate-0.4.5/Content/Effects/clouds.uasset" SILENT=true
[2015.01.29-22.02.08:158][646]LogSavePackage: Save=22.810160ms
[2015.01.29-22.02.08:158][646]LogSavePackage: Moving '../../../../../../Users/eric/Documents/Unreal Projects/UE4FirstPersonVRTemplate-0.4.5/Saved/clouds8EA605AD49DF9DD8C5AAA9809011F8BE.tmp' to '../../../../../../Users/eric/Documents/Unreal Projects/UE4FirstPersonVRTemplate-0.4.5/Content/Effects/clouds.uasset'
[2015.01.29-22.02.09:878][697]LogCascade: Quitting Cascade. FXSystem=0x00000096648967A0
[2015.01.29-22.05.17:730][187]LogPhysics:Warning: PHYSX: ..\..\PhysXExtensions\src\ExtRigidBodyExt.cpp (234) 4 : computeMassAndInertia: Dynamic actor with illegal collision shapes
[2015.01.29-22.05.17:730][187]LogPhysics:Warning: PHYSX: ..\..\PhysXExtensions\src\ExtRigidBodyExt.cpp (283) 4 : PxRigidBodyExt::updateMassAndInertia: Mass and inertia computation failed, setting mass to 1 and inertia to (1,1,1)
[2015.01.29-22.06.25:722][965]Cmd: OBJ SAVEPACKAGE PACKAGE="/Game/Effects/clouds" FILE="../../../../../../Users/eric/Documents/Unreal Projects/UE4FirstPersonVRTemplate-0.4.5/Content/Effects/clouds.uasset" SILENT=true
[2015.01.29-22.06.25:850][965]LogSavePackage: Save=22.780651ms
[2015.01.29-22.06.25:850][965]LogSavePackage: Moving '../../../../../../Users/eric/Documents/Unreal Projects/UE4FirstPersonVRTemplate-0.4.5/Saved/clouds296C38594ED77E35BF6274919E4DB3E0.tmp' to '../../../../../../Users/eric/Documents/Unreal Projects/UE4FirstPersonVRTemplate-0.4.5/Content/Effects/clouds.uasset'
[2015.01.29-22.06.27:216][ 18]LogCascade: Quitting Cascade. FXSystem=0x000000965F582660
[2015.01.29-22.06.28:869][104]LogParticles: Destroying 0 GPU particle simulations for FXSystem 0x00000096648967A0
[2015.01.29-22.06.28:869][104]LogParticles: Destroying 0 GPU particle simulations for FXSystem 0x000000965F582660
[2015.01.29-22.06.31:444][104]LogSavePackage: Save=56.968521ms
[2015.01.29-22.06.31:444][104]LogSavePackage: Moving '../../../../../../Users/eric/Documents/Unreal Projects/UE4FirstPersonVRTemplate-0.4.5/Saved/Example_Map3E3E3A3243637AC77AB73B979D42CAE8.tmp' to '../../../../../../Users/eric/Documents/Unreal Projects/UE4FirstPersonVRTemplate-0.4.5/Content/Maps/Example_Map.umap'
[2015.01.29-22.06.31:564][104]LogFileHelpers: Saving map 'Example_Map' took 0.532
[2015.01.29-22.06.32:411][105]Cmd: QUIT_EDITOR
[2015.01.29-22.06.33:197][105]LogExit: Preparing to exit.
[2015.01.29-22.06.33:473][105]LogExit: Editor shut down
[2015.01.29-22.06.33:474][105]LogExit: Transaction tracking system shut down
[2015.01.29-22.06.33:476][105]LogParticles: Destroying 0 GPU particle simulations for FXSystem 0x00000096658EA0C0
[2015.01.29-22.06.33:476][105]LogParticles: Destroying 0 GPU particle simulations for FXSystem 0x000000967069FEC0
[2015.01.29-22.06.33:476][105]LogParticles: Destroying 0 GPU particle simulations for FXSystem 0x00000096705C62A0
[2015.01.29-22.06.33:480][105]LogParticles: Destroying 0 GPU particle simulations for FXSystem 0x00000096705C5F80
[2015.01.29-22.06.33:522][105]LogExit: Object subsystem successfully closed.
[2015.01.29-22.06.33:582][105]LogModuleManager: Shutting down and abandoning module DistCurveEditor (175)
[2015.01.29-22.06.33:582][105]LogModuleManager: Shutting down and abandoning module Cascade (174)
[2015.01.29-22.06.33:582][105]LogModuleManager: Shutting down and abandoning module MaterialEditor (173)
[2015.01.29-22.06.33:582][105]LogModuleManager: Shutting down and abandoning module AndroidDeviceDetection (172)
[2015.01.29-22.06.33:582][105]LogModuleManager: Shutting down and abandoning module CrashTracker (171)
[2015.01.29-22.06.33:582][105]LogModuleManager: Shutting down and abandoning module SuperSearch (170)
[2015.01.29-22.06.33:582][105]LogModuleManager: Shutting down and abandoning module SceneOutliner (169)
[2015.01.29-22.06.33:582][105]LogModuleManager: Shutting down and abandoning module EditorWidgets (168)
[2015.01.29-22.06.33:582][105]LogModuleManager: Shutting down and abandoning module CollectionManager (167)
[2015.01.29-22.06.33:583][105]LogModuleManager: Shutting down and abandoning module StatsViewer (166)
[2015.01.29-22.06.33:583][105]LogModuleManager: Shutting down and abandoning module FoliageEdit (165)
[2015.01.29-22.06.33:583][105]LogModuleManager: Shutting down and abandoning module LandscapeEditor (164)
[2015.01.29-22.06.33:583][105]LogModuleManager: Shutting down and abandoning module MeshPaint (163)
[2015.01.29-22.06.33:583][105]LogModuleManager: Shutting down and abandoning module ActorPickerMode (162)
[2015.01.29-22.06.33:583][105]LogModuleManager: Shutting down and abandoning module GeometryMode (161)
[2015.01.29-22.06.33:583][105]LogModuleManager: Shutting down and abandoning module TextureAlignMode (160)
[2015.01.29-22.06.33:583][105]LogModuleManager: Shutting down and abandoning module BspMode (159)
[2015.01.29-22.06.33:583][105]LogModuleManager: Shutting down and abandoning module PlacementMode (158)
[2015.01.29-22.06.33:583][105]LogModuleManager: Shutting down and abandoning module AutomationWorker (157)
[2015.01.29-22.06.33:583][105]LogModuleManager: Shutting down and abandoning module CharacterAI (156)
[2015.01.29-22.06.33:583][105]LogModuleManager: Shutting down and abandoning module GameProjectGeneration (155)
[2015.01.29-22.06.33:583][105]LogModuleManager: Shutting down and abandoning module IntroTutorials (154)
[2015.01.29-22.06.33:583][105]LogModuleManager: Shutting down and abandoning module EditorLiveStreaming (153)
[2015.01.29-22.06.33:583][105]LogModuleManager: Shutting down and abandoning module HardwareTargeting (152)
[2015.01.29-22.06.33:583][105]LogModuleManager: Shutting down and abandoning module DeviceProfileEditor (151)
[2015.01.29-22.06.33:583][105]LogModuleManager: Shutting down and abandoning module UndoHistory (150)
[2015.01.29-22.06.33:583][105]LogModuleManager: Shutting down and abandoning module GameplayTagsEditor (149)
[2015.01.29-22.06.33:583][105]LogModuleManager: Shutting down and abandoning module UserFeedback (148)
[2015.01.29-22.06.33:583][105]LogModuleManager: Shutting down and abandoning module XmlParser (147)
[2015.01.29-22.06.33:583][105]LogModuleManager: Shutting down and abandoning module Blutility (146)
[2015.01.29-22.06.33:583][105]LogModuleManager: Shutting down and abandoning module IOSPlatformEditor (145)
[2015.01.29-22.06.33:583][105]LogModuleManager: Shutting down and abandoning module IOSRuntimeSettings (144)
[2015.01.29-22.06.33:583][105]LogModuleManager: Shutting down and abandoning module AndroidPlatformEditor (143)
[2015.01.29-22.06.33:583][105]LogModuleManager: Shutting down and abandoning module AndroidRuntimeSettings (142)
[2015.01.29-22.06.33:583][105]LogModuleManager: Shutting down and abandoning module ProjectTargetPlatformEditor (141)
[2015.01.29-22.06.33:583][105]LogModuleManager: Shutting down and abandoning module ProjectSettingsViewer (140)
[2015.01.29-22.06.33:583][105]LogModuleManager: Shutting down and abandoning module InputBindingEditor (139)
[2015.01.29-22.06.33:583][105]LogModuleManager: Shutting down and abandoning module EditorSettingsViewer (138)
[2015.01.29-22.06.33:583][105]LogModuleManager: Shutting down and abandoning module SettingsEditor (137)
[2015.01.29-22.06.33:583][105]LogModuleManager: Shutting down and abandoning module ProjectLauncher (136)
[2015.01.29-22.06.33:584][105]LogModuleManager: Shutting down and abandoning module SessionFrontend (135)
[2015.01.29-22.06.33:584][105]LogModuleManager: Shutting down and abandoning module ProfilerClient (134)
[2015.01.29-22.06.33:584][105]LogModuleManager: Shutting down and abandoning module TargetDeviceServices (133)
[2015.01.29-22.06.33:584][105]LogModuleManager: Shutting down and abandoning module DeviceManager (132)
[2015.01.29-22.06.33:584][105]LogModuleManager: Shutting down and abandoning module AutomationController (131)
[2015.01.29-22.06.33:584][105]LogModuleManager: Shutting down and abandoning module AutomationWindow (130)
[2015.01.29-22.06.33:584][105]LogModuleManager: Shutting down and abandoning module Layers (129)
[2015.01.29-22.06.33:584][105]LogModuleManager: Shutting down and abandoning module ComponentVisualizers (128)
[2015.01.29-22.06.33:584][105]LogModuleManager: Shutting down and abandoning module DetailCustomizations (127)
[2015.01.29-22.06.33:584][105]LogModuleManager: Shutting down and abandoning module PackagesDialog (126)
[2015.01.29-22.06.33:584][105]LogModuleManager: Shutting down and abandoning module AssetRegistry (125)
[2015.01.29-22.06.33:637][105]LogModuleManager: Shutting down and abandoning module Persona (124)
[2015.01.29-22.06.33:638][105]LogModuleManager: Shutting down and abandoning module Kismet (123)
[2015.01.29-22.06.33:638][105]LogModuleManager: Shutting down and abandoning module GraphEditor (122)
[2015.01.29-22.06.33:638][105]LogModuleManager: Shutting down and abandoning module ClassViewer (121)
[2015.01.29-22.06.33:638][105]LogModuleManager: Shutting down and abandoning module Toolbox (120)
[2015.01.29-22.06.33:638][105]LogModuleManager: Shutting down and abandoning module ModuleUI (119)
[2015.01.29-22.06.33:638][105]LogModuleManager: Shutting down and abandoning module MovieSceneTools (118)
[2015.01.29-22.06.33:638][105]LogModuleManager: Shutting down and abandoning module OutputLog (117)
[2015.01.29-22.06.33:638][105]LogModuleManager: Shutting down and abandoning module GammaUI (116)
[2015.01.29-22.06.33:638][105]LogModuleManager: Shutting down and abandoning module Documentation (115)
[2015.01.29-22.06.33:638][105]LogModuleManager: Shutting down and abandoning module GameLiveStreaming (114)
[2015.01.29-22.06.33:638][105]LogModuleManager: Shutting down and abandoning module StreamingPauseRendering (113)
[2015.01.29-22.06.33:638][105]LogModuleManager: Shutting down and abandoning module HTTP (112)
[2015.01.29-22.06.33:638][105]LogModuleManager: Shutting down and abandoning module AnalyticsET (111)
[2015.01.29-22.06.33:638][105]LogModuleManager: Shutting down and abandoning module Analytics (110)
[2015.01.29-22.06.33:638][105]LogModuleManager: Shutting down and abandoning module AITestSuite (109)
[2015.01.29-22.06.33:638][105]LogModuleManager: Shutting down and abandoning module AIModule (108)
[2015.01.29-22.06.33:638][105]LogModuleManager: Shutting down and abandoning module ProfilerService (107)
[2015.01.29-22.06.33:779][105]LogModuleManager: Shutting down and abandoning module TaskGraph (106)
[2015.01.29-22.06.33:779][105]LogModuleManager: Shutting down and abandoning module GameplayDebugger (105)
[2015.01.29-22.06.33:779][105]LogModuleManager: Shutting down and abandoning module SlateRemote (104)
[2015.01.29-22.06.33:779][105]LogModuleManager: Shutting down and abandoning module ScriptEditorPlugin (103)
[2015.01.29-22.06.33:779][105]LogModuleManager: Shutting down and abandoning module CustomMeshComponent (102)
[2015.01.29-22.06.33:779][105]LogModuleManager: Shutting down and abandoning module CableComponent (101)
[2015.01.29-22.06.33:779][105]LogModuleManager: Shutting down and abandoning module MessagingDebugger (100)
[2015.01.29-22.06.33:779][105]LogModuleManager: Shutting down and abandoning module MediaPlayerEditor (99)
[2015.01.29-22.06.33:779][105]LogModuleManager: Shutting down and abandoning module SpeedTreeImporter (98)
[2015.01.29-22.06.33:779][105]LogModuleManager: Shutting down and abandoning module PluginsEditor (97)
[2015.01.29-22.06.33:779][105]LogModuleManager: Shutting down and abandoning module EpicSurvey (96)
[2015.01.29-22.06.33:779][105]LogModuleManager: Shutting down and abandoning module DesktopPlatform (95)
[2015.01.29-22.06.33:779][105]LogModuleManager: Shutting down and abandoning module VisualStudioSourceCodeAccess (94)
[2015.01.29-22.06.33:779][105]LogModuleManager: Shutting down and abandoning module UObjectPlugin (93)
[2015.01.29-22.06.33:779][105]LogModuleManager: Shutting down and abandoning module SubversionSourceControl (92)
[2015.01.29-22.06.33:779][105]LogModuleManager: Shutting down and abandoning module SourceControl (91)
[2015.01.29-22.06.33:779][105]LogModuleManager: Shutting down and abandoning module PerforceSourceControl (90)
[2015.01.29-22.06.33:779][105]LogModuleManager: Shutting down and abandoning module BlankPlugin (89)
[2015.01.29-22.06.33:779][105]LogModuleManager: Shutting down and abandoning module SlateReflector (88)
[2015.01.29-22.06.33:779][105]LogModuleManager: Shutting down and abandoning module DirectoryWatcher (87)
[2015.01.29-22.06.33:779][105]LogModuleManager: Shutting down and abandoning module HotReload (86)
[2015.01.29-22.06.33:779][105]LogModuleManager: Shutting down and abandoning module MainFrame (85)
[2015.01.29-22.06.33:779][105]LogModuleManager: Shutting down and abandoning module LevelEditor (84)
[2015.01.29-22.06.33:781][105]LogModuleManager: Shutting down and abandoning module ViewportSnapping (83)
[2015.01.29-22.06.33:781][105]LogModuleManager: Shutting down and abandoning module SmartSnapping (82)
[2015.01.29-22.06.33:781][105]LogModuleManager: Shutting down and abandoning module PaperTiledImporter (81)
[2015.01.29-22.06.33:781][105]LogModuleManager: Shutting down and abandoning module PaperJsonImporter (80)
[2015.01.29-22.06.33:781][105]LogModuleManager: Shutting down and abandoning module ContentBrowser (79)
[2015.01.29-22.06.33:781][105]LogModuleManager: Shutting down and abandoning module Paper2DEditor (78)
[2015.01.29-22.06.33:781][105]LogModuleManager: Shutting down and abandoning module ScriptPlugin (77)
[2015.01.29-22.06.33:781][105]LogModuleManager: Shutting down and abandoning module UdpMessaging (76)
[2015.01.29-22.06.33:882][105]LogModuleManager: Shutting down and abandoning module Paper2D (75)
[2015.01.29-22.06.33:882][105]LogModuleManager: Shutting down and abandoning module UE4Game (74)
[2015.01.29-22.06.33:882][105]LogModuleManager: Shutting down and abandoning module WindowsMoviePlayer (73)
[2015.01.29-22.06.33:882][105]LogModuleManager: Shutting down and abandoning module Media (72)
[2015.01.29-22.06.33:882][105]LogModuleManager: Shutting down and abandoning module WmfMedia (71)
[2015.01.29-22.06.33:882][105]LogModuleManager: Shutting down and abandoning module OnlineBlueprintSupport (70)
[2015.01.29-22.06.33:882][105]LogModuleManager: Shutting down and abandoning module PropertyEditor (69)
[2015.01.29-22.06.33:882][105]LogModuleManager: Shutting down and abandoning module BehaviorTreeEditor (68)
[2015.01.29-22.06.33:882][105]LogModuleManager: Shutting down and abandoning module FunctionalTesting (67)
[2015.01.29-22.06.33:882][105]LogModuleManager: Shutting down and abandoning module CollisionAnalyzer (66)
[2015.01.29-22.06.33:882][105]LogModuleManager: Shutting down and abandoning module WorkspaceMenuStructure (65)
[2015.01.29-22.06.33:882][105]LogModuleManager: Shutting down and abandoning module MessageLog (64)
[2015.01.29-22.06.33:882][105]LogModuleManager: Shutting down and abandoning module Sequencer (63)
[2015.01.29-22.06.33:882][105]LogModuleManager: Shutting down and abandoning module AssetTools (62)
[2015.01.29-22.06.33:882][105]LogModuleManager: Shutting down and abandoning module UMGEditor (61)
[2015.01.29-22.06.33:882][105]LogModuleManager: Shutting down and abandoning module UMG (60)
[2015.01.29-22.06.33:882][105]LogModuleManager: Shutting down and abandoning module Slate (59)
[2015.01.29-22.06.33:882][105]LogModuleManager: Shutting down and abandoning module EditorStyle (58)
[2015.01.29-22.06.33:887][105]LogModuleManager: Shutting down and abandoning module SessionServices (57)
[2015.01.29-22.06.33:887][105]LogModuleManager: Shutting down and abandoning module SourceCodeAccess (56)
[2015.01.29-22.06.33:887][105]LogModuleManager: Shutting down and abandoning module HeadMountedDisplay (55)
[2015.01.29-22.06.33:887][105]LogModuleManager: Shutting down and abandoning module XAudio2 (54)
[2015.01.29-22.06.33:887][105]LogModuleManager: Shutting down and abandoning module Networking (52)
[2015.01.29-22.06.33:887][105]LogModuleManager: Shutting down and abandoning module Core (51)
[2015.01.29-22.06.33:887][105]LogModuleManager: Shutting down and abandoning module KismetCompiler (50)
[2015.01.29-22.06.33:887][105]LogModuleManager: Shutting down and abandoning module PhysXFormats (49)
[2015.01.29-22.06.33:887][105]LogModuleManager: Shutting down and abandoning module MeshUtilities (48)
[2015.01.29-22.06.33:887][105]LogModuleManager: Shutting down and abandoning module DerivedDataCache (47)
[2015.01.29-22.06.33:892][105]LogDerivedDataCache: Shutdown
[2015.01.29-22.06.33:892][105]LogModuleManager: Shutting down and abandoning module ShaderFormatOpenGL (46)
[2015.01.29-22.06.33:892][105]LogModuleManager: Shutting down and abandoning module ShaderFormatD3D (45)
[2015.01.29-22.06.33:892][105]LogModuleManager: Shutting down and abandoning module MetalShaderFormat (44)
[2015.01.29-22.06.33:892][105]LogModuleManager: Shutting down and abandoning module TextureFormatUncompressed (43)
[2015.01.29-22.06.33:892][105]LogModuleManager: Shutting down and abandoning module TextureFormatPVR (42)
[2015.01.29-22.06.33:892][105]LogModuleManager: Shutting down and abandoning module TextureFormatDXT (41)
[2015.01.29-22.06.33:892][105]LogModuleManager: Shutting down and abandoning module TextureFormatAndroid (40)
[2015.01.29-22.06.33:892][105]LogModuleManager: Shutting down and abandoning module AudioFormatOpus (39)
[2015.01.29-22.06.33:892][105]LogModuleManager: Shutting down and abandoning module AudioFormatOgg (38)
[2015.01.29-22.06.33:892][105]LogModuleManager: Shutting down and abandoning module AudioFormatADPCM (37)
[2015.01.29-22.06.33:892][105]LogModuleManager: Shutting down and abandoning module LinuxTargetPlatform (36)
[2015.01.29-22.06.33:892][105]LogModuleManager: Shutting down and abandoning module LinuxServerTargetPlatform (35)
[2015.01.29-22.06.33:892][105]LogModuleManager: Shutting down and abandoning module LinuxNoEditorTargetPlatform (34)
[2015.01.29-22.06.33:892][105]LogModuleManager: Shutting down and abandoning module Messaging (33)
[2015.01.29-22.06.33:892][105]LogModuleManager: Shutting down and abandoning module IOSTargetPlatform (32)
[2015.01.29-22.06.33:892][105]LogModuleManager: Shutting down and abandoning module Android_PVRTCTargetPlatform (31)
[2015.01.29-22.06.33:892][105]LogModuleManager: Shutting down and abandoning module Android_ETC2TargetPlatform (30)
[2015.01.29-22.06.33:892][105]LogModuleManager: Shutting down and abandoning module Android_ETC1TargetPlatform (29)
[2015.01.29-22.06.33:892][105]LogModuleManager: Shutting down and abandoning module Android_DXTTargetPlatform (28)
[2015.01.29-22.06.33:892][105]LogModuleManager: Shutting down and abandoning module Android_ATCTargetPlatform (27)
[2015.01.29-22.06.33:892][105]LogModuleManager: Shutting down and abandoning module AndroidTargetPlatform (26)
[2015.01.29-22.06.33:892][105]LogModuleManager: Shutting down and abandoning module WindowsTargetPlatform (25)
[2015.01.29-22.06.33:892][105]LogModuleManager: Shutting down and abandoning module WindowsServerTargetPlatform (24)
[2015.01.29-22.06.33:892][105]LogModuleManager: Shutting down and abandoning module WindowsNoEditorTargetPlatform (23)
[2015.01.29-22.06.33:892][105]LogModuleManager: Shutting down and abandoning module WindowsClientTargetPlatform (22)
[2015.01.29-22.06.33:892][105]LogModuleManager: Shutting down and abandoning module TargetPlatform (21)
[2015.01.29-22.06.33:892][105]LogModuleManager: Shutting down and abandoning module InputCore (20)
[2015.01.29-22.06.33:892][105]LogModuleManager: Shutting down and abandoning module Settings (19)
[2015.01.29-22.06.33:892][105]LogModuleManager: Shutting down and abandoning module ImageWrapper (18)
[2015.01.29-22.06.33:892][105]LogModuleManager: Shutting down and abandoning module OculusRift (15)
[2015.01.29-22.06.33:892][105]LogModuleManager: Shutting down and abandoning module ExampleDeviceProfileSelector (14)
[2015.01.29-22.06.33:892][105]LogModuleManager: Shutting down and abandoning module TextureCompressor (13)
[2015.01.29-22.06.33:892][105]LogModuleManager: Shutting down and abandoning module ShaderCore (12)
[2015.01.29-22.06.33:892][105]LogModuleManager: Shutting down and abandoning module Landscape (11)
[2015.01.29-22.06.33:892][105]LogModuleManager: Shutting down and abandoning module SlateRHIRenderer (10)
[2015.01.29-22.06.33:893][105]LogModuleManager: Shutting down and abandoning module OpenGLDrv (9)
[2015.01.29-22.06.33:893][105]LogModuleManager: Shutting down and abandoning module D3D11RHI (8)
[2015.01.29-22.06.33:893][105]LogModuleManager: Shutting down and abandoning module Renderer (7)
[2015.01.29-22.06.33:893][105]LogModuleManager: Shutting down and abandoning module Engine (6)
[2015.01.29-22.06.33:893][105]LogModuleManager: Shutting down and abandoning module CoreUObject (5)
[2015.01.29-22.06.33:893][105]LogModuleManager: Shutting down and abandoning module NetworkFile (4)
[2015.01.29-22.06.33:893][105]LogModuleManager: Shutting down and abandoning module StreamingFile (3)
[2015.01.29-22.06.33:893][105]LogModuleManager: Shutting down and abandoning module SandboxFile (2)
[2015.01.29-22.06.33:893][105]LogModuleManager: Shutting down and abandoning module PakFile (1)
[2015.01.29-22.06.33:894][105]LogExit: Exiting.
[2015.01.29-22.06.33:899][105]Log file closed, 01/29/15 17:06:33
